{"meta": {"format": 3, "version": "7.11.0", "timestamp": "2025-11-03T18:13:03.847910", "branch_coverage": true, "show_contexts": false}, "files": {"core\\__init__.py": {"executed_lines": [1, 2], "summary": {"covered_lines": 2, "num_statements": 2, "percent_covered": 100.0, "percent_covered_display": "100", "missing_lines": 0, "excluded_lines": 0, "num_branches": 0, "num_partial_branches": 0, "covered_branches": 0, "missing_branches": 0}, "missing_lines": [], "excluded_lines": [], "executed_branches": [], "missing_branches": [], "functions": {"": {"executed_lines": [1, 2], "summary": {"covered_lines": 2, "num_statements": 2, "percent_covered": 100.0, "percent_covered_display": "100", "missing_lines": 0, "excluded_lines": 0, "num_branches": 0, "num_partial_branches": 0, "covered_branches": 0, "missing_branches": 0}, "missing_lines": [], "excluded_lines": [], "executed_branches": [], "missing_branches": []}}, "classes": {"": {"executed_lines": [1, 2], "summary": {"covered_lines": 2, "num_statements": 2, "percent_covered": 100.0, "percent_covered_display": "100", "missing_lines": 0, "excluded_lines": 0, "num_branches": 0, "num_partial_branches": 0, "covered_branches": 0, "missing_branches": 0}, "missing_lines": [], "excluded_lines": [], "executed_branches": [], "missing_branches": []}}}, "core\\api\\__init__.py": {"executed_lines": [], "summary": {"covered_lines": 0, "num_statements": 0, "percent_covered": 100.0, "percent_covered_display": "100", "missing_lines": 0, "excluded_lines": 0, "num_branches": 0, "num_partial_branches": 0, "covered_branches": 0, "missing_branches": 0}, "missing_lines": [], "excluded_lines": [], "executed_branches": [], "missing_branches": [], "functions": {"": {"executed_lines": [], "summary": {"covered_lines": 0, "num_statements": 0, "percent_covered": 100.0, "percent_covered_display": "100", "missing_lines": 0, "excluded_lines": 0, "num_branches": 0, "num_partial_branches": 0, "covered_branches": 0, "missing_branches": 0}, "missing_lines": [], "excluded_lines": [], "executed_branches": [], "missing_branches": []}}, "classes": {"": {"executed_lines": [], "summary": {"covered_lines": 0, "num_statements": 0, "percent_covered": 100.0, "percent_covered_display": "100", "missing_lines": 0, "excluded_lines": 0, "num_branches": 0, "num_partial_branches": 0, "covered_branches": 0, "missing_branches": 0}, "missing_lines": [], "excluded_lines": [], "executed_branches": [], "missing_branches": []}}}, "core\\api\\exception_handler.py": {"executed_lines": [1, 3, 4, 7, 8, 9, 10, 12, 13, 14, 15, 16, 17, 18, 19, 20], "summary": {"covered_lines": 16, "num_statements": 17, "percent_covered": 92.5925925925926, "percent_covered_display": "93", "missing_lines": 1, "excluded_lines": 0, "num_branches": 10, "num_partial_branches": 1, "covered_branches": 9, "missing_branches": 1}, "missing_lines": [21], "excluded_lines": [], "executed_branches": [[9, 10], [9, 12], [13, 14], [13, 15], [15, 16], [15, 17], [17, 18], [17, 19], [19, 20]], "missing_branches": [[19, 21]], "functions": {"error_handler": {"executed_lines": [8, 9, 10, 12, 13, 14, 15, 16, 17, 18, 19, 20], "summary": {"covered_lines": 12, "num_statements": 13, "percent_covered": 91.30434782608695, "percent_covered_display": "91", "missing_lines": 1, "excluded_lines": 0, "num_branches": 10, "num_partial_branches": 1, "covered_branches": 9, "missing_branches": 1}, "missing_lines": [21], "excluded_lines": [], "executed_branches": [[9, 10], [9, 12], [13, 14], [13, 15], [15, 16], [15, 17], [17, 18], [17, 19], [19, 20]], "missing_branches": [[19, 21]]}, "": {"executed_lines": [1, 3, 4, 7], "summary": {"covered_lines": 4, "num_statements": 4, "percent_covered": 100.0, "percent_covered_display": "100", "missing_lines": 0, "excluded_lines": 0, "num_branches": 0, "num_partial_branches": 0, "covered_branches": 0, "missing_branches": 0}, "missing_lines": [], "excluded_lines": [], "executed_branches": [], "missing_branches": []}}, "classes": {"": {"executed_lines": [1, 3, 4, 7, 8, 9, 10, 12, 13, 14, 15, 16, 17, 18, 19, 20], "summary": {"covered_lines": 16, "num_statements": 17, "percent_covered": 92.5925925925926, "percent_covered_display": "93", "missing_lines": 1, "excluded_lines": 0, "num_branches": 10, "num_partial_branches": 1, "covered_branches": 9, "missing_branches": 1}, "missing_lines": [21], "excluded_lines": [], "executed_branches": [[9, 10], [9, 12], [13, 14], [13, 15], [15, 16], [15, 17], [17, 18], [17, 19], [19, 20]], "missing_branches": [[19, 21]]}}}, "core\\checks.py": {"executed_lines": [1, 2, 5, 6, 7, 8, 18, 19, 20, 21, 32, 33, 37], "summary": {"covered_lines": 2, "num_statements": 2, "percent_covered": 100.0, "percent_covered_display": "100", "missing_lines": 0, "excluded_lines": 33, "num_branches": 0, "num_partial_branches": 0, "covered_branches": 0, "missing_branches": 0}, "missing_lines": [], "excluded_lines": [5, 6, 7, 8, 9, 10, 11, 12, 13, 14, 15, 16, 17, 18, 19, 20, 21, 22, 23, 24, 25, 26, 27, 28, 29, 30, 31, 32, 33, 34, 35, 36, 37], "executed_branches": [], "missing_branches": [], "functions": {"redis_cache_reachable_check": {"executed_lines": [7, 8, 18, 19, 20, 21, 32, 33, 37], "summary": {"covered_lines": 0, "num_statements": 0, "percent_covered": 100.0, "percent_covered_display": "100", "missing_lines": 0, "excluded_lines": 31, "num_branches": 0, "num_partial_branches": 0, "covered_branches": 0, "missing_branches": 0}, "missing_lines": [], "excluded_lines": [7, 8, 9, 10, 11, 12, 13, 14, 15, 16, 17, 18, 19, 20, 21, 22, 23, 24, 25, 26, 27, 28, 29, 30, 31, 32, 33, 34, 35, 36, 37], "executed_branches": [], "missing_branches": []}, "": {"executed_lines": [1, 2, 5, 6], "summary": {"covered_lines": 2, "num_statements": 2, "percent_covered": 100.0, "percent_covered_display": "100", "missing_lines": 0, "excluded_lines": 2, "num_branches": 0, "num_partial_branches": 0, "covered_branches": 0, "missing_branches": 0}, "missing_lines": [], "excluded_lines": [5, 6], "executed_branches": [], "missing_branches": []}}, "classes": {"": {"executed_lines": [1, 2, 5, 6, 7, 8, 18, 19, 20, 21, 32, 33, 37], "summary": {"covered_lines": 2, "num_statements": 2, "percent_covered": 100.0, "percent_covered_display": "100", "missing_lines": 0, "excluded_lines": 33, "num_branches": 0, "num_partial_branches": 0, "covered_branches": 0, "missing_branches": 0}, "missing_lines": [], "excluded_lines": [5, 6, 7, 8, 9, 10, 11, 12, 13, 14, 15, 16, 17, 18, 19, 20, 21, 22, 23, 24, 25, 26, 27, 28, 29, 30, 31, 32, 33, 34, 35, 36, 37], "executed_branches": [], "missing_branches": []}}}, "core\\tests\\test_exception_handler_api.py": {"executed_lines": [1, 3, 4, 5, 6, 8, 9, 12, 13, 14, 17, 18, 19, 21, 23, 24, 25, 26, 29, 30, 31, 33, 35, 36, 37, 38, 41, 42, 43, 45, 47, 48, 49, 50, 53, 54, 55, 57, 59, 60, 63, 64, 65, 66, 68, 70, 73, 74, 75, 76, 78, 80, 81], "summary": {"covered_lines": 53, "num_statements": 53, "percent_covered": 100.0, "percent_covered_display": "100", "missing_lines": 0, "excluded_lines": 0, "num_branches": 0, "num_partial_branches": 0, "covered_branches": 0, "missing_branches": 0}, "missing_lines": [], "excluded_lines": [], "executed_branches": [], "missing_branches": [], "functions": {"_make_request": {"executed_lines": [13, 14], "summary": {"covered_lines": 2, "num_statements": 2, "percent_covered": 100.0, "percent_covered_display": "100", "missing_lines": 0, "excluded_lines": 0, "num_branches": 0, "num_partial_branches": 0, "covered_branches": 0, "missing_branches": 0}, "missing_lines": [], "excluded_lines": [], "executed_branches": [], "missing_branches": []}, "test_validation_error_serialised_with_field_errors": {"executed_lines": [18, 19, 21, 23, 24, 25, 26], "summary": {"covered_lines": 7, "num_statements": 7, "percent_covered": 100.0, "percent_covered_display": "100", "missing_lines": 0, "excluded_lines": 0, "num_branches": 0, "num_partial_branches": 0, "covered_branches": 0, "missing_branches": 0}, "missing_lines": [], "excluded_lines": [], "executed_branches": [], "missing_branches": []}, "test_not_authenticated_returns_401_with_non_field_errors": {"executed_lines": [30, 31, 33, 35, 36, 37, 38], "summary": {"covered_lines": 7, "num_statements": 7, "percent_covered": 100.0, "percent_covered_display": "100", "missing_lines": 0, "excluded_lines": 0, "num_branches": 0, "num_partial_branches": 0, "covered_branches": 0, "missing_branches": 0}, "missing_lines": [], "excluded_lines": [], "executed_branches": [], "missing_branches": []}, "test_permission_denied_returns_403_payload": {"executed_lines": [42, 43, 45, 47, 48, 49, 50], "summary": {"covered_lines": 7, "num_statements": 7, "percent_covered": 100.0, "percent_covered_display": "100", "missing_lines": 0, "excluded_lines": 0, "num_branches": 0, "num_partial_branches": 0, "covered_branches": 0, "missing_branches": 0}, "missing_lines": [], "excluded_lines": [], "executed_branches": [], "missing_branches": []}, "test_error_handler_handles_drf_none": {"executed_lines": [54, 55, 57, 59, 60], "summary": {"covered_lines": 5, "num_statements": 5, "percent_covered": 100.0, "percent_covered_display": "100", "missing_lines": 0, "excluded_lines": 0, "num_branches": 0, "num_partial_branches": 0, "covered_branches": 0, "missing_branches": 0}, "missing_lines": [], "excluded_lines": [], "executed_branches": [], "missing_branches": []}, "test_error_handler_preserves_errors_payload": {"executed_lines": [64, 65, 66, 68, 70], "summary": {"covered_lines": 5, "num_statements": 5, "percent_covered": 100.0, "percent_covered_display": "100", "missing_lines": 0, "excluded_lines": 0, "num_branches": 0, "num_partial_branches": 0, "covered_branches": 0, "missing_branches": 0}, "missing_lines": [], "excluded_lines": [], "executed_branches": [], "missing_branches": []}, "test_error_handler_wraps_list_payload": {"executed_lines": [74, 75, 76, 78, 80, 81], "summary": {"covered_lines": 6, "num_statements": 6, "percent_covered": 100.0, "percent_covered_display": "100", "missing_lines": 0, "excluded_lines": 0, "num_branches": 0, "num_partial_branches": 0, "covered_branches": 0, "missing_branches": 0}, "missing_lines": [], "excluded_lines": [], "executed_branches": [], "missing_branches": []}, "": {"executed_lines": [1, 3, 4, 5, 6, 8, 9, 12, 17, 29, 41, 53, 63, 73], "summary": {"covered_lines": 14, "num_statements": 14, "percent_covered": 100.0, "percent_covered_display": "100", "missing_lines": 0, "excluded_lines": 0, "num_branches": 0, "num_partial_branches": 0, "covered_branches": 0, "missing_branches": 0}, "missing_lines": [], "excluded_lines": [], "executed_branches": [], "missing_branches": []}}, "classes": {"": {"executed_lines": [1, 3, 4, 5, 6, 8, 9, 12, 13, 14, 17, 18, 19, 21, 23, 24, 25, 26, 29, 30, 31, 33, 35, 36, 37, 38, 41, 42, 43, 45, 47, 48, 49, 50, 53, 54, 55, 57, 59, 60, 63, 64, 65, 66, 68, 70, 73, 74, 75, 76, 78, 80, 81], "summary": {"covered_lines": 53, "num_statements": 53, "percent_covered": 100.0, "percent_covered_display": "100", "missing_lines": 0, "excluded_lines": 0, "num_branches": 0, "num_partial_branches": 0, "covered_branches": 0, "missing_branches": 0}, "missing_lines": [], "excluded_lines": [], "executed_branches": [], "missing_branches": []}}}, "core\\tests\\test_settings_env_csv.py": {"executed_lines": [1, 2, 4, 7, 8, 9, 12, 13, 14, 17, 18, 19, 20, 21, 23, 24, 25, 27, 29, 30, 31, 33, 35, 37, 38, 39, 41, 42, 43, 44, 45], "summary": {"covered_lines": 31, "num_statements": 32, "percent_covered": 94.11764705882354, "percent_covered_display": "94", "missing_lines": 1, "excluded_lines": 0, "num_branches": 2, "num_partial_branches": 1, "covered_branches": 1, "missing_branches": 1}, "missing_lines": [26], "excluded_lines": [], "executed_branches": [[25, 27]], "missing_branches": [[25, 26]], "functions": {"test_env_csv_returns_empty_list_when_unset": {"executed_lines": [8, 9], "summary": {"covered_lines": 2, "num_statements": 2, "percent_covered": 100.0, "percent_covered_display": "100", "missing_lines": 0, "excluded_lines": 0, "num_branches": 0, "num_partial_branches": 0, "covered_branches": 0, "missing_branches": 0}, "missing_lines": [], "excluded_lines": [], "executed_branches": [], "missing_branches": []}, "test_env_csv_parses_comma_separated_values": {"executed_lines": [13, 14], "summary": {"covered_lines": 2, "num_statements": 2, "percent_covered": 100.0, "percent_covered_display": "100", "missing_lines": 0, "excluded_lines": 0, "num_branches": 0, "num_partial_branches": 0, "covered_branches": 0, "missing_branches": 0}, "missing_lines": [], "excluded_lines": [], "executed_branches": [], "missing_branches": []}, "test_settings_import_handles_none_like_values": {"executed_lines": [18, 19, 20, 21, 23, 24, 29, 30, 31, 33, 35, 37, 38, 39, 41, 42, 43, 44, 45], "summary": {"covered_lines": 19, "num_statements": 19, "percent_covered": 100.0, "percent_covered_display": "100", "missing_lines": 0, "excluded_lines": 0, "num_branches": 0, "num_partial_branches": 0, "covered_branches": 0, "missing_branches": 0}, "missing_lines": [], "excluded_lines": [], "executed_branches": [], "missing_branches": []}, "test_settings_import_handles_none_like_values.FakeEnviron.get": {"executed_lines": [25, 27], "summary": {"covered_lines": 2, "num_statements": 3, "percent_covered": 60.0, "percent_covered_display": "60", "missing_lines": 1, "excluded_lines": 0, "num_branches": 2, "num_partial_branches": 1, "covered_branches": 1, "missing_branches": 1}, "missing_lines": [26], "excluded_lines": [], "executed_branches": [[25, 27]], "missing_branches": [[25, 26]]}, "": {"executed_lines": [1, 2, 4, 7, 12, 17], "summary": {"covered_lines": 6, "num_statements": 6, "percent_covered": 100.0, "percent_covered_display": "100", "missing_lines": 0, "excluded_lines": 0, "num_branches": 0, "num_partial_branches": 0, "covered_branches": 0, "missing_branches": 0}, "missing_lines": [], "excluded_lines": [], "executed_branches": [], "missing_branches": []}}, "classes": {"test_settings_import_handles_none_like_values.FakeEnviron": {"executed_lines": [25, 27], "summary": {"covered_lines": 2, "num_statements": 3, "percent_covered": 60.0, "percent_covered_display": "60", "missing_lines": 1, "excluded_lines": 0, "num_branches": 2, "num_partial_branches": 1, "covered_branches": 1, "missing_branches": 1}, "missing_lines": [26], "excluded_lines": [], "executed_branches": [[25, 27]], "missing_branches": [[25, 26]]}, "": {"executed_lines": [1, 2, 4, 7, 8, 9, 12, 13, 14, 17, 18, 19, 20, 21, 23, 24, 29, 30, 31, 33, 35, 37, 38, 39, 41, 42, 43, 44, 45], "summary": {"covered_lines": 29, "num_statements": 29, "percent_covered": 100.0, "percent_covered_display": "100", "missing_lines": 0, "excluded_lines": 0, "num_branches": 0, "num_partial_branches": 0, "covered_branches": 0, "missing_branches": 0}, "missing_lines": [], "excluded_lines": [], "executed_branches": [], "missing_branches": []}}}, "jobs\\__init__.py": {"executed_lines": [], "summary": {"covered_lines": 0, "num_statements": 0, "percent_covered": 100.0, "percent_covered_display": "100", "missing_lines": 0, "excluded_lines": 0, "num_branches": 0, "num_partial_branches": 0, "covered_branches": 0, "missing_branches": 0}, "missing_lines": [], "excluded_lines": [], "executed_branches": [], "missing_branches": [], "functions": {"": {"executed_lines": [], "summary": {"covered_lines": 0, "num_statements": 0, "percent_covered": 100.0, "percent_covered_display": "100", "missing_lines": 0, "excluded_lines": 0, "num_branches": 0, "num_partial_branches": 0, "covered_branches": 0, "missing_branches": 0}, "missing_lines": [], "excluded_lines": [], "executed_branches": [], "missing_branches": []}}, "classes": {"": {"executed_lines": [], "summary": {"covered_lines": 0, "num_statements": 0, "percent_covered": 100.0, "percent_covered_display": "100", "missing_lines": 0, "excluded_lines": 0, "num_branches": 0, "num_partial_branches": 0, "covered_branches": 0, "missing_branches": 0}, "missing_lines": [], "excluded_lines": [], "executed_branches": [], "missing_branches": []}}}, "jobs\\admin.py": {"executed_lines": [], "summary": {"covered_lines": 0, "num_statements": 0, "percent_covered": 100.0, "percent_covered_display": "100", "missing_lines": 0, "excluded_lines": 0, "num_branches": 0, "num_partial_branches": 0, "covered_branches": 0, "missing_branches": 0}, "missing_lines": [], "excluded_lines": [], "executed_branches": [], "missing_branches": [], "functions": {"": {"executed_lines": [], "summary": {"covered_lines": 0, "num_statements": 0, "percent_covered": 100.0, "percent_covered_display": "100", "missing_lines": 0, "excluded_lines": 0, "num_branches": 0, "num_partial_branches": 0, "covered_branches": 0, "missing_branches": 0}, "missing_lines": [], "excluded_lines": [], "executed_branches": [], "missing_branches": []}}, "classes": {"": {"executed_lines": [], "summary": {"covered_lines": 0, "num_statements": 0, "percent_covered": 100.0, "percent_covered_display": "100", "missing_lines": 0, "excluded_lines": 0, "num_branches": 0, "num_partial_branches": 0, "covered_branches": 0, "missing_branches": 0}, "missing_lines": [], "excluded_lines": [], "executed_branches": [], "missing_branches": []}}}, "jobs\\apps.py": {"executed_lines": [1, 4, 5, 6], "summary": {"covered_lines": 4, "num_statements": 4, "percent_covered": 100.0, "percent_covered_display": "100", "missing_lines": 0, "excluded_lines": 0, "num_branches": 0, "num_partial_branches": 0, "covered_branches": 0, "missing_branches": 0}, "missing_lines": [], "excluded_lines": [], "executed_branches": [], "missing_branches": [], "functions": {"": {"executed_lines": [1, 4, 5, 6], "summary": {"covered_lines": 4, "num_statements": 4, "percent_covered": 100.0, "percent_covered_display": "100", "missing_lines": 0, "excluded_lines": 0, "num_branches": 0, "num_partial_branches": 0, "covered_branches": 0, "missing_branches": 0}, "missing_lines": [], "excluded_lines": [], "executed_branches": [], "missing_branches": []}}, "classes": {"JobsConfig": {"executed_lines": [], "summary": {"covered_lines": 0, "num_statements": 0, "percent_covered": 100.0, "percent_covered_display": "100", "missing_lines": 0, "excluded_lines": 0, "num_branches": 0, "num_partial_branches": 0, "covered_branches": 0, "missing_branches": 0}, "missing_lines": [], "excluded_lines": [], "executed_branches": [], "missing_branches": []}, "": {"executed_lines": [1, 4, 5, 6], "summary": {"covered_lines": 4, "num_statements": 4, "percent_covered": 100.0, "percent_covered_display": "100", "missing_lines": 0, "excluded_lines": 0, "num_branches": 0, "num_partial_branches": 0, "covered_branches": 0, "missing_branches": 0}, "missing_lines": [], "excluded_lines": [], "executed_branches": [], "missing_branches": []}}}, "jobs\\management\\__init__.py": {"executed_lines": [], "summary": {"covered_lines": 0, "num_statements": 0, "percent_covered": 100.0, "percent_covered_display": "100", "missing_lines": 0, "excluded_lines": 0, "num_branches": 0, "num_partial_branches": 0, "covered_branches": 0, "missing_branches": 0}, "missing_lines": [], "excluded_lines": [], "executed_branches": [], "missing_branches": [], "functions": {"": {"executed_lines": [], "summary": {"covered_lines": 0, "num_statements": 0, "percent_covered": 100.0, "percent_covered_display": "100", "missing_lines": 0, "excluded_lines": 0, "num_branches": 0, "num_partial_branches": 0, "covered_branches": 0, "missing_branches": 0}, "missing_lines": [], "excluded_lines": [], "executed_branches": [], "missing_branches": []}}, "classes": {"": {"executed_lines": [], "summary": {"covered_lines": 0, "num_statements": 0, "percent_covered": 100.0, "percent_covered_display": "100", "missing_lines": 0, "excluded_lines": 0, "num_branches": 0, "num_partial_branches": 0, "covered_branches": 0, "missing_branches": 0}, "missing_lines": [], "excluded_lines": [], "executed_branches": [], "missing_branches": []}}}, "jobs\\management\\commands\\__init__.py": {"executed_lines": [], "summary": {"covered_lines": 0, "num_statements": 0, "percent_covered": 100.0, "percent_covered_display": "100", "missing_lines": 0, "excluded_lines": 0, "num_branches": 0, "num_partial_branches": 0, "covered_branches": 0, "missing_branches": 0}, "missing_lines": [], "excluded_lines": [], "executed_branches": [], "missing_branches": [], "functions": {"": {"executed_lines": [], "summary": {"covered_lines": 0, "num_statements": 0, "percent_covered": 100.0, "percent_covered_display": "100", "missing_lines": 0, "excluded_lines": 0, "num_branches": 0, "num_partial_branches": 0, "covered_branches": 0, "missing_branches": 0}, "missing_lines": [], "excluded_lines": [], "executed_branches": [], "missing_branches": []}}, "classes": {"": {"executed_lines": [], "summary": {"covered_lines": 0, "num_statements": 0, "percent_covered": 100.0, "percent_covered_display": "100", "missing_lines": 0, "excluded_lines": 0, "num_branches": 0, "num_partial_branches": 0, "covered_branches": 0, "missing_branches": 0}, "missing_lines": [], "excluded_lines": [], "executed_branches": [], "missing_branches": []}}}, "jobs\\migrations\\__init__.py": {"executed_lines": [], "summary": {"covered_lines": 0, "num_statements": 0, "percent_covered": 100.0, "percent_covered_display": "100", "missing_lines": 0, "excluded_lines": 0, "num_branches": 0, "num_partial_branches": 0, "covered_branches": 0, "missing_branches": 0}, "missing_lines": [], "excluded_lines": [], "executed_branches": [], "missing_branches": [], "functions": {"": {"executed_lines": [], "summary": {"covered_lines": 0, "num_statements": 0, "percent_covered": 100.0, "percent_covered_display": "100", "missing_lines": 0, "excluded_lines": 0, "num_branches": 0, "num_partial_branches": 0, "covered_branches": 0, "missing_branches": 0}, "missing_lines": [], "excluded_lines": [], "executed_branches": [], "missing_branches": []}}, "classes": {"": {"executed_lines": [], "summary": {"covered_lines": 0, "num_statements": 0, "percent_covered": 100.0, "percent_covered_display": "100", "missing_lines": 0, "excluded_lines": 0, "num_branches": 0, "num_partial_branches": 0, "covered_branches": 0, "missing_branches": 0}, "missing_lines": [], "excluded_lines": [], "executed_branches": [], "missing_branches": []}}}, "jobs\\queue.py": {"executed_lines": [1, 3, 5, 7, 8, 11, 15, 16, 17, 19, 20, 21, 23, 24, 25, 26, 28, 29, 30, 31, 34, 46, 47, 48, 50, 51, 60, 61, 62, 63], "summary": {"covered_lines": 30, "num_statements": 30, "percent_covered": 100.0, "percent_covered_display": "100", "missing_lines": 0, "excluded_lines": 0, "num_branches": 6, "num_partial_branches": 0, "covered_branches": 6, "missing_branches": 0}, "missing_lines": [], "excluded_lines": [], "executed_branches": [[16, 17], [16, 19], [20, 21], [20, 23], [47, 48], [47, 50]], "missing_branches": [], "functions": {"get_transcode_queue": {"executed_lines": [15, 16, 17, 19, 20, 21, 23, 24, 25, 26, 28, 29, 30, 31], "summary": {"covered_lines": 14, "num_statements": 14, "percent_covered": 100.0, "percent_covered_display": "100", "missing_lines": 0, "excluded_lines": 0, "num_branches": 4, "num_partial_branches": 0, "covered_branches": 4, "missing_branches": 0}, "missing_lines": [], "excluded_lines": [], "executed_branches": [[16, 17], [16, 19], [20, 21], [20, 23]], "missing_branches": []}, "enqueue_transcode_job": {"executed_lines": [46, 47, 48, 50, 51, 60, 61, 62, 63], "summary": {"covered_lines": 9, "num_statements": 9, "percent_covered": 100.0, "percent_covered_display": "100", "missing_lines": 0, "excluded_lines": 0, "num_branches": 2, "num_partial_branches": 0, "covered_branches": 2, "missing_branches": 0}, "missing_lines": [], "excluded_lines": [], "executed_branches": [[47, 48], [47, 50]], "missing_branches": []}, "": {"executed_lines": [1, 3, 5, 7, 8, 11, 34], "summary": {"covered_lines": 7, "num_statements": 7, "percent_covered": 100.0, "percent_covered_display": "100", "missing_lines": 0, "excluded_lines": 0, "num_branches": 0, "num_partial_branches": 0, "covered_branches": 0, "missing_branches": 0}, "missing_lines": [], "excluded_lines": [], "executed_branches": [], "missing_branches": []}}, "classes": {"": {"executed_lines": [1, 3, 5, 7, 8, 11, 15, 16, 17, 19, 20, 21, 23, 24, 25, 26, 28, 29, 30, 31, 34, 46, 47, 48, 50, 51, 60, 61, 62, 63], "summary": {"covered_lines": 30, "num_statements": 30, "percent_covered": 100.0, "percent_covered_display": "100", "missing_lines": 0, "excluded_lines": 0, "num_branches": 6, "num_partial_branches": 0, "covered_branches": 6, "missing_branches": 0}, "missing_lines": [], "excluded_lines": [], "executed_branches": [[16, 17], [16, 19], [20, 21], [20, 23], [47, 48], [47, 50]], "missing_branches": []}}}, "jobs\\tests.py": {"executed_lines": [], "summary": {"covered_lines": 0, "num_statements": 0, "percent_covered": 100.0, "percent_covered_display": "100", "missing_lines": 0, "excluded_lines": 0, "num_branches": 0, "num_partial_branches": 0, "covered_branches": 0, "missing_branches": 0}, "missing_lines": [], "excluded_lines": [], "executed_branches": [], "missing_branches": [], "functions": {"": {"executed_lines": [], "summary": {"covered_lines": 0, "num_statements": 0, "percent_covered": 100.0, "percent_covered_display": "100", "missing_lines": 0, "excluded_lines": 0, "num_branches": 0, "num_partial_branches": 0, "covered_branches": 0, "missing_branches": 0}, "missing_lines": [], "excluded_lines": [], "executed_branches": [], "missing_branches": []}}, "classes": {"": {"executed_lines": [], "summary": {"covered_lines": 0, "num_statements": 0, "percent_covered": 100.0, "percent_covered_display": "100", "missing_lines": 0, "excluded_lines": 0, "num_branches": 0, "num_partial_branches": 0, "covered_branches": 0, "missing_branches": 0}, "missing_lines": [], "excluded_lines": [], "executed_branches": [], "missing_branches": []}}}, "jobs\\tests\\test_queue_basic.py": {"executed_lines": [1, 3, 4, 5, 7, 9, 12, 13, 14, 15, 17, 19, 20, 21, 22, 24, 26, 28, 29, 32, 33, 34, 35, 37, 38, 39, 40, 42, 43, 45, 46, 48, 49, 51, 52, 53, 55, 57, 58, 60, 61, 63, 65, 66, 67, 68, 69, 70, 74, 75, 76, 77, 81, 82, 83, 84, 88, 89, 90, 91, 93, 94, 96, 97, 99], "summary": {"covered_lines": 65, "num_statements": 65, "percent_covered": 100.0, "percent_covered_display": "100", "missing_lines": 0, "excluded_lines": 0, "num_branches": 2, "num_partial_branches": 0, "covered_branches": 2, "missing_branches": 0}, "missing_lines": [], "excluded_lines": [], "executed_branches": [[20, 21], [20, 22]], "missing_branches": [], "functions": {"test_get_transcode_queue_returns_none_when_import_fails": {"executed_lines": [14, 15, 17, 19, 24, 26, 28, 29], "summary": {"covered_lines": 8, "num_statements": 8, "percent_covered": 100.0, "percent_covered_display": "100", "missing_lines": 0, "excluded_lines": 0, "num_branches": 0, "num_partial_branches": 0, "covered_branches": 0, "missing_branches": 0}, "missing_lines": [], "excluded_lines": [], "executed_branches": [], "missing_branches": []}, "test_get_transcode_queue_returns_none_when_import_fails.fake_import": {"executed_lines": [20, 21, 22], "summary": {"covered_lines": 3, "num_statements": 3, "percent_covered": 100.0, "percent_covered_display": "100", "missing_lines": 0, "excluded_lines": 0, "num_branches": 2, "num_partial_branches": 0, "covered_branches": 2, "missing_branches": 0}, "missing_lines": [], "excluded_lines": [], "executed_branches": [[20, 21], [20, 22]], "missing_branches": []}, "test_enqueue_transcode_job_uses_queue": {"executed_lines": [34, 35, 37, 38, 42, 45, 46, 48, 51, 55, 57, 58, 60, 61, 63, 65, 66, 67, 68, 69, 70], "summary": {"covered_lines": 21, "num_statements": 21, "percent_covered": 100.0, "percent_covered_display": "100", "missing_lines": 0, "excluded_lines": 0, "num_branches": 0, "num_partial_branches": 0, "covered_branches": 0, "missing_branches": 0}, "missing_lines": [], "excluded_lines": [], "executed_branches": [], "missing_branches": []}, "test_enqueue_transcode_job_uses_queue.DummyJob.__init__": {"executed_lines": [39, 40], "summary": {"covered_lines": 2, "num_statements": 2, "percent_covered": 100.0, "percent_covered_display": "100", "missing_lines": 0, "excluded_lines": 0, "num_branches": 0, "num_partial_branches": 0, "covered_branches": 0, "missing_branches": 0}, "missing_lines": [], "excluded_lines": [], "executed_branches": [], "missing_branches": []}, "test_enqueue_transcode_job_uses_queue.DummyJob.save_meta": {"executed_lines": [43], "summary": {"covered_lines": 1, "num_statements": 1, "percent_covered": 100.0, "percent_covered_display": "100", "missing_lines": 0, "excluded_lines": 0, "num_branches": 0, "num_partial_branches": 0, "covered_branches": 0, "missing_branches": 0}, "missing_lines": [], "excluded_lines": [], "executed_branches": [], "missing_branches": []}, "test_enqueue_transcode_job_uses_queue.DummyQueue.__init__": {"executed_lines": [49], "summary": {"covered_lines": 1, "num_statements": 1, "percent_covered": 100.0, "percent_covered_display": "100", "missing_lines": 0, "excluded_lines": 0, "num_branches": 0, "num_partial_branches": 0, "covered_branches": 0, "missing_branches": 0}, "missing_lines": [], "excluded_lines": [], "executed_branches": [], "missing_branches": []}, "test_enqueue_transcode_job_uses_queue.DummyQueue.enqueue": {"executed_lines": [52, 53], "summary": {"covered_lines": 2, "num_statements": 2, "percent_covered": 100.0, "percent_covered_display": "100", "missing_lines": 0, "excluded_lines": 0, "num_branches": 0, "num_partial_branches": 0, "covered_branches": 0, "missing_branches": 0}, "missing_lines": [], "excluded_lines": [], "executed_branches": [], "missing_branches": []}, "test_get_transcode_queue_without_config": {"executed_lines": [75, 76, 77], "summary": {"covered_lines": 3, "num_statements": 3, "percent_covered": 100.0, "percent_covered_display": "100", "missing_lines": 0, "excluded_lines": 0, "num_branches": 0, "num_partial_branches": 0, "covered_branches": 0, "missing_branches": 0}, "missing_lines": [], "excluded_lines": [], "executed_branches": [], "missing_branches": []}, "test_get_transcode_queue_missing_mapping": {"executed_lines": [82, 83, 84], "summary": {"covered_lines": 3, "num_statements": 3, "percent_covered": 100.0, "percent_covered_display": "100", "missing_lines": 0, "excluded_lines": 0, "num_branches": 0, "num_partial_branches": 0, "covered_branches": 0, "missing_branches": 0}, "missing_lines": [], "excluded_lines": [], "executed_branches": [], "missing_branches": []}, "test_get_transcode_queue_handles_queue_failure": {"executed_lines": [90, 91, 93, 96, 97, 99], "summary": {"covered_lines": 6, "num_statements": 6, "percent_covered": 100.0, "percent_covered_display": "100", "missing_lines": 0, "excluded_lines": 0, "num_branches": 0, "num_partial_branches": 0, "covered_branches": 0, "missing_branches": 0}, "missing_lines": [], "excluded_lines": [], "executed_branches": [], "missing_branches": []}, "test_get_transcode_queue_handles_queue_failure.raise_error": {"executed_lines": [94], "summary": {"covered_lines": 1, "num_statements": 1, "percent_covered": 100.0, "percent_covered_display": "100", "missing_lines": 0, "excluded_lines": 0, "num_branches": 0, "num_partial_branches": 0, "covered_branches": 0, "missing_branches": 0}, "missing_lines": [], "excluded_lines": [], "executed_branches": [], "missing_branches": []}, "": {"executed_lines": [1, 3, 4, 5, 7, 9, 12, 13, 32, 33, 74, 81, 88, 89], "summary": {"covered_lines": 14, "num_statements": 14, "percent_covered": 100.0, "percent_covered_display": "100", "missing_lines": 0, "excluded_lines": 0, "num_branches": 0, "num_partial_branches": 0, "covered_branches": 0, "missing_branches": 0}, "missing_lines": [], "excluded_lines": [], "executed_branches": [], "missing_branches": []}}, "classes": {"test_enqueue_transcode_job_uses_queue.DummyJob": {"executed_lines": [39, 40, 43], "summary": {"covered_lines": 3, "num_statements": 3, "percent_covered": 100.0, "percent_covered_display": "100", "missing_lines": 0, "excluded_lines": 0, "num_branches": 0, "num_partial_branches": 0, "covered_branches": 0, "missing_branches": 0}, "missing_lines": [], "excluded_lines": [], "executed_branches": [], "missing_branches": []}, "test_enqueue_transcode_job_uses_queue.DummyQueue": {"executed_lines": [49, 52, 53], "summary": {"covered_lines": 3, "num_statements": 3, "percent_covered": 100.0, "percent_covered_display": "100", "missing_lines": 0, "excluded_lines": 0, "num_branches": 0, "num_partial_branches": 0, "covered_branches": 0, "missing_branches": 0}, "missing_lines": [], "excluded_lines": [], "executed_branches": [], "missing_branches": []}, "": {"executed_lines": [1, 3, 4, 5, 7, 9, 12, 13, 14, 15, 17, 19, 20, 21, 22, 24, 26, 28, 29, 32, 33, 34, 35, 37, 38, 42, 45, 46, 48, 51, 55, 57, 58, 60, 61, 63, 65, 66, 67, 68, 69, 70, 74, 75, 76, 77, 81, 82, 83, 84, 88, 89, 90, 91, 93, 94, 96, 97, 99], "summary": {"covered_lines": 59, "num_statements": 59, "percent_covered": 100.0, "percent_covered_display": "100", "missing_lines": 0, "excluded_lines": 0, "num_branches": 2, "num_partial_branches": 0, "covered_branches": 2, "missing_branches": 0}, "missing_lines": [], "excluded_lines": [], "executed_branches": [[20, 21], [20, 22]], "missing_branches": []}}}, "jobs\\tests\\test_retry_backoff.py": {"executed_lines": [1, 3, 5, 6, 7, 10, 11, 12, 13, 14, 16, 18, 19, 20, 21, 23, 25, 28, 30, 32, 33, 36, 37, 38, 39, 41, 42, 44, 46, 49, 51, 52, 54], "summary": {"covered_lines": 31, "num_statements": 31, "percent_covered": 100.0, "percent_covered_display": "100", "missing_lines": 0, "excluded_lines": 4, "num_branches": 2, "num_partial_branches": 0, "covered_branches": 2, "missing_branches": 0}, "missing_lines": [], "excluded_lines": [25, 26, 46, 47], "executed_branches": [[20, -18], [20, 21]], "missing_branches": [], "functions": {"test_transcode_retries_transient": {"executed_lines": [12, 13, 14, 16, 18, 23, 25, 28, 30, 32, 33], "summary": {"covered_lines": 10, "num_statements": 10, "percent_covered": 100.0, "percent_covered_display": "100", "missing_lines": 0, "excluded_lines": 1, "num_branches": 0, "num_partial_branches": 0, "covered_branches": 0, "missing_branches": 0}, "missing_lines": [], "excluded_lines": [25], "executed_branches": [], "missing_branches": []}, "test_transcode_retries_transient.fake_run": {"executed_lines": [19, 20, 21], "summary": {"covered_lines": 3, "num_statements": 3, "percent_covered": 100.0, "percent_covered_display": "100", "missing_lines": 0, "excluded_lines": 0, "num_branches": 2, "num_partial_branches": 0, "covered_branches": 2, "missing_branches": 0}, "missing_lines": [], "excluded_lines": [], "executed_branches": [[20, -18], [20, 21]], "missing_branches": []}, "test_transcode_retries_transient.fail_sleep": {"executed_lines": [], "summary": {"covered_lines": 0, "num_statements": 0, "percent_covered": 100.0, "percent_covered_display": "100", "missing_lines": 0, "excluded_lines": 1, "num_branches": 0, "num_partial_branches": 0, "covered_branches": 0, "missing_branches": 0}, "missing_lines": [], "excluded_lines": [26], "executed_branches": [], "missing_branches": []}, "test_transcode_permanent_error_no_retry": {"executed_lines": [38, 39, 41, 44, 46, 49, 51, 52, 54], "summary": {"covered_lines": 8, "num_statements": 8, "percent_covered": 100.0, "percent_covered_display": "100", "missing_lines": 0, "excluded_lines": 1, "num_branches": 0, "num_partial_branches": 0, "covered_branches": 0, "missing_branches": 0}, "missing_lines": [], "excluded_lines": [46], "executed_branches": [], "missing_branches": []}, "test_transcode_permanent_error_no_retry.fake_run": {"executed_lines": [42], "summary": {"covered_lines": 1, "num_statements": 1, "percent_covered": 100.0, "percent_covered_display": "100", "missing_lines": 0, "excluded_lines": 0, "num_branches": 0, "num_partial_branches": 0, "covered_branches": 0, "missing_branches": 0}, "missing_lines": [], "excluded_lines": [], "executed_branches": [], "missing_branches": []}, "test_transcode_permanent_error_no_retry.fail_sleep": {"executed_lines": [], "summary": {"covered_lines": 0, "num_statements": 0, "percent_covered": 100.0, "percent_covered_display": "100", "missing_lines": 0, "excluded_lines": 1, "num_branches": 0, "num_partial_branches": 0, "covered_branches": 0, "missing_branches": 0}, "missing_lines": [], "excluded_lines": [47], "executed_branches": [], "missing_branches": []}, "": {"executed_lines": [1, 3, 5, 6, 7, 10, 11, 36, 37], "summary": {"covered_lines": 9, "num_statements": 9, "percent_covered": 100.0, "percent_covered_display": "100", "missing_lines": 0, "excluded_lines": 0, "num_branches": 0, "num_partial_branches": 0, "covered_branches": 0, "missing_branches": 0}, "missing_lines": [], "excluded_lines": [], "executed_branches": [], "missing_branches": []}}, "classes": {"": {"executed_lines": [1, 3, 5, 6, 7, 10, 11, 12, 13, 14, 16, 18, 19, 20, 21, 23, 25, 28, 30, 32, 33, 36, 37, 38, 39, 41, 42, 44, 46, 49, 51, 52, 54], "summary": {"covered_lines": 31, "num_statements": 31, "percent_covered": 100.0, "percent_covered_display": "100", "missing_lines": 0, "excluded_lines": 4, "num_branches": 2, "num_partial_branches": 0, "covered_branches": 2, "missing_branches": 0}, "missing_lines": [], "excluded_lines": [25, 26, 46, 47], "executed_branches": [[20, -18], [20, 21]], "missing_branches": []}}}, "jobs\\tests\\test_services.py": {"executed_lines": [1, 2, 4, 5, 7, 10, 11, 12, 13, 14, 15, 16, 17, 18, 21, 22, 23, 24, 25, 28, 29, 39, 42, 43, 44, 45, 46, 49, 50, 51, 52, 53, 54, 55, 58, 59, 60, 61, 63, 65, 66, 67, 68, 69, 70, 71, 72, 74, 76, 78, 79, 82, 83, 84, 86, 87, 89, 90, 96, 97, 98, 100, 101, 103, 105, 106, 108, 109, 110, 111, 114, 115, 116, 117, 118, 120, 123, 124, 125, 126, 128, 130, 131, 133, 134, 135, 138, 139, 140, 141, 142, 145, 146, 147, 148, 150, 152, 154, 155, 157, 158, 160, 165, 167, 168, 169, 170, 172, 173, 175, 177, 178, 179, 180, 183, 184, 185, 186, 187, 190, 191, 192, 194, 195, 197, 198, 199, 200, 202, 204, 205, 207, 210, 212, 213, 223, 225], "summary": {"covered_lines": 137, "num_statements": 141, "percent_covered": 95.86206896551724, "percent_covered_display": "96", "missing_lines": 4, "excluded_lines": 0, "num_branches": 4, "num_partial_branches": 2, "covered_branches": 2, "missing_branches": 2}, "missing_lines": [161, 162, 163, 208], "excluded_lines": [], "executed_branches": [[68, 69], [198, 199]], "missing_branches": [[68, 70], [198, 200]], "functions": {"media_root": {"executed_lines": [12, 13, 14, 15, 16, 17, 18], "summary": {"covered_lines": 7, "num_statements": 7, "percent_covered": 100.0, "percent_covered_display": "100", "missing_lines": 0, "excluded_lines": 0, "num_branches": 0, "num_partial_branches": 0, "covered_branches": 0, "missing_branches": 0}, "missing_lines": [], "excluded_lines": [], "executed_branches": [], "missing_branches": []}, "clear_cache": {"executed_lines": [23, 24, 25], "summary": {"covered_lines": 3, "num_statements": 3, "percent_covered": 100.0, "percent_covered_display": "100", "missing_lines": 0, "excluded_lines": 0, "num_branches": 0, "num_partial_branches": 0, "covered_branches": 0, "missing_branches": 0}, "missing_lines": [], "excluded_lines": [], "executed_branches": [], "missing_branches": []}, "_ensure_video_record": {"executed_lines": [29, 39], "summary": {"covered_lines": 2, "num_statements": 2, "percent_covered": 100.0, "percent_covered_display": "100", "missing_lines": 0, "excluded_lines": 0, "num_branches": 0, "num_partial_branches": 0, "covered_branches": 0, "missing_branches": 0}, "missing_lines": [], "excluded_lines": [], "executed_branches": [], "missing_branches": []}, "_create_source_file": {"executed_lines": [43, 44, 45, 46], "summary": {"covered_lines": 4, "num_statements": 4, "percent_covered": 100.0, "percent_covered_display": "100", "missing_lines": 0, "excluded_lines": 0, "num_branches": 0, "num_partial_branches": 0, "covered_branches": 0, "missing_branches": 0}, "missing_lines": [], "excluded_lines": [], "executed_branches": [], "missing_branches": []}, "test_enqueue_transcode_returns_ok": {"executed_lines": [50, 51, 52, 53, 54, 55], "summary": {"covered_lines": 6, "num_statements": 6, "percent_covered": 100.0, "percent_covered_display": "100", "missing_lines": 0, "excluded_lines": 0, "num_branches": 0, "num_partial_branches": 0, "covered_branches": 0, "missing_branches": 0}, "missing_lines": [], "excluded_lines": [], "executed_branches": [], "missing_branches": []}, "test_status_processing_then_ready_on_success": {"executed_lines": [59, 60, 61, 63, 65, 74, 76, 78, 79], "summary": {"covered_lines": 9, "num_statements": 9, "percent_covered": 100.0, "percent_covered_display": "100", "missing_lines": 0, "excluded_lines": 0, "num_branches": 0, "num_partial_branches": 0, "covered_branches": 0, "missing_branches": 0}, "missing_lines": [], "excluded_lines": [], "executed_branches": [], "missing_branches": []}, "test_status_processing_then_ready_on_success._fake_profile_run": {"executed_lines": [66, 67, 68, 69, 70, 71, 72], "summary": {"covered_lines": 7, "num_statements": 7, "percent_covered": 88.88888888888889, "percent_covered_display": "89", "missing_lines": 0, "excluded_lines": 0, "num_branches": 2, "num_partial_branches": 1, "covered_branches": 1, "missing_branches": 1}, "missing_lines": [], "excluded_lines": [], "executed_branches": [[68, 69]], "missing_branches": [[68, 70]]}, "test_status_failed_on_missing_source": {"executed_lines": [83, 84, 86, 87, 89, 90], "summary": {"covered_lines": 6, "num_statements": 6, "percent_covered": 100.0, "percent_covered_display": "100", "missing_lines": 0, "excluded_lines": 0, "num_branches": 0, "num_partial_branches": 0, "covered_branches": 0, "missing_branches": 0}, "missing_lines": [], "excluded_lines": [], "executed_branches": [], "missing_branches": []}, "test_status_failed_on_missing_ffmpeg": {"executed_lines": [97, 98, 100, 103, 105, 106, 108, 109, 110, 111], "summary": {"covered_lines": 10, "num_statements": 10, "percent_covered": 100.0, "percent_covered_display": "100", "missing_lines": 0, "excluded_lines": 0, "num_branches": 0, "num_partial_branches": 0, "covered_branches": 0, "missing_branches": 0}, "missing_lines": [], "excluded_lines": [], "executed_branches": [], "missing_branches": []}, "test_status_failed_on_missing_ffmpeg._missing_ffmpeg": {"executed_lines": [101], "summary": {"covered_lines": 1, "num_statements": 1, "percent_covered": 100.0, "percent_covered_display": "100", "missing_lines": 0, "excluded_lines": 0, "num_branches": 0, "num_partial_branches": 0, "covered_branches": 0, "missing_branches": 0}, "missing_lines": [], "excluded_lines": [], "executed_branches": [], "missing_branches": []}, "test_get_transcode_status_derives_ready_from_filesystem": {"executed_lines": [115, 116, 117, 118, 120], "summary": {"covered_lines": 5, "num_statements": 5, "percent_covered": 100.0, "percent_covered_display": "100", "missing_lines": 0, "excluded_lines": 0, "num_branches": 0, "num_partial_branches": 0, "covered_branches": 0, "missing_branches": 0}, "missing_lines": [], "excluded_lines": [], "executed_branches": [], "missing_branches": []}, "test_lock_idempotency": {"executed_lines": [124, 125, 126, 128, 130, 131, 133, 134, 135], "summary": {"covered_lines": 9, "num_statements": 9, "percent_covered": 100.0, "percent_covered_display": "100", "missing_lines": 0, "excluded_lines": 0, "num_branches": 0, "num_partial_branches": 0, "covered_branches": 0, "missing_branches": 0}, "missing_lines": [], "excluded_lines": [], "executed_branches": [], "missing_branches": []}, "test_enqueue_transcode_clears_stale_pending": {"executed_lines": [139, 140, 141, 142, 145, 146, 147, 148, 150, 152, 154, 155, 157, 160, 165, 167, 172, 173, 175, 177, 178, 179, 180], "summary": {"covered_lines": 23, "num_statements": 23, "percent_covered": 100.0, "percent_covered_display": "100", "missing_lines": 0, "excluded_lines": 0, "num_branches": 0, "num_partial_branches": 0, "covered_branches": 0, "missing_branches": 0}, "missing_lines": [], "excluded_lines": [], "executed_branches": [], "missing_branches": []}, "test_enqueue_transcode_clears_stale_pending.DummyQueue.__init__": {"executed_lines": [158], "summary": {"covered_lines": 1, "num_statements": 1, "percent_covered": 100.0, "percent_covered_display": "100", "missing_lines": 0, "excluded_lines": 0, "num_branches": 0, "num_partial_branches": 0, "covered_branches": 0, "missing_branches": 0}, "missing_lines": [], "excluded_lines": [], "executed_branches": [], "missing_branches": []}, "test_enqueue_transcode_clears_stale_pending.DummyQueue.enqueue": {"executed_lines": [], "summary": {"covered_lines": 0, "num_statements": 3, "percent_covered": 0.0, "percent_covered_display": "0", "missing_lines": 3, "excluded_lines": 0, "num_branches": 0, "num_partial_branches": 0, "covered_branches": 0, "missing_branches": 0}, "missing_lines": [161, 162, 163], "excluded_lines": [], "executed_branches": [], "missing_branches": []}, "test_enqueue_transcode_clears_stale_pending.fake_enqueue": {"executed_lines": [168, 169, 170], "summary": {"covered_lines": 3, "num_statements": 3, "percent_covered": 100.0, "percent_covered_display": "100", "missing_lines": 0, "excluded_lines": 0, "num_branches": 0, "num_partial_branches": 0, "covered_branches": 0, "missing_branches": 0}, "missing_lines": [], "excluded_lines": [], "executed_branches": [], "missing_branches": []}, "test_enqueue_transcode_sets_pending_ttl": {"executed_lines": [184, 185, 186, 187, 190, 191, 192, 194, 195, 197, 202, 204, 205, 207, 210, 212, 213, 223, 225], "summary": {"covered_lines": 19, "num_statements": 19, "percent_covered": 100.0, "percent_covered_display": "100", "missing_lines": 0, "excluded_lines": 0, "num_branches": 0, "num_partial_branches": 0, "covered_branches": 0, "missing_branches": 0}, "missing_lines": [], "excluded_lines": [], "executed_branches": [], "missing_branches": []}, "test_enqueue_transcode_sets_pending_ttl.fake_set": {"executed_lines": [198, 199, 200], "summary": {"covered_lines": 3, "num_statements": 3, "percent_covered": 80.0, "percent_covered_display": "80", "missing_lines": 0, "excluded_lines": 0, "num_branches": 2, "num_partial_branches": 1, "covered_branches": 1, "missing_branches": 1}, "missing_lines": [], "excluded_lines": [], "executed_branches": [[198, 199]], "missing_branches": [[198, 200]]}, "test_enqueue_transcode_sets_pending_ttl.DummyQueue.enqueue": {"executed_lines": [], "summary": {"covered_lines": 0, "num_statements": 1, "percent_covered": 0.0, "percent_covered_display": "0", "missing_lines": 1, "excluded_lines": 0, "num_branches": 0, "num_partial_branches": 0, "covered_branches": 0, "missing_branches": 0}, "missing_lines": [208], "excluded_lines": [], "executed_branches": [], "missing_branches": []}, "": {"executed_lines": [1, 2, 4, 5, 7, 10, 11, 21, 22, 28, 42, 49, 58, 82, 96, 114, 123, 138, 183], "summary": {"covered_lines": 19, "num_statements": 19, "percent_covered": 100.0, "percent_covered_display": "100", "missing_lines": 0, "excluded_lines": 0, "num_branches": 0, "num_partial_branches": 0, "covered_branches": 0, "missing_branches": 0}, "missing_lines": [], "excluded_lines": [], "executed_branches": [], "missing_branches": []}}, "classes": {"test_enqueue_transcode_clears_stale_pending.DummyQueue": {"executed_lines": [158], "summary": {"covered_lines": 1, "num_statements": 4, "percent_covered": 25.0, "percent_covered_display": "25", "missing_lines": 3, "excluded_lines": 0, "num_branches": 0, "num_partial_branches": 0, "covered_branches": 0, "missing_branches": 0}, "missing_lines": [161, 162, 163], "excluded_lines": [], "executed_branches": [], "missing_branches": []}, "test_enqueue_transcode_sets_pending_ttl.DummyQueue": {"executed_lines": [], "summary": {"covered_lines": 0, "num_statements": 1, "percent_covered": 0.0, "percent_covered_display": "0", "missing_lines": 1, "excluded_lines": 0, "num_branches": 0, "num_partial_branches": 0, "covered_branches": 0, "missing_branches": 0}, "missing_lines": [208], "excluded_lines": [], "executed_branches": [], "missing_branches": []}, "": {"executed_lines": [1, 2, 4, 5, 7, 10, 11, 12, 13, 14, 15, 16, 17, 18, 21, 22, 23, 24, 25, 28, 29, 39, 42, 43, 44, 45, 46, 49, 50, 51, 52, 53, 54, 55, 58, 59, 60, 61, 63, 65, 66, 67, 68, 69, 70, 71, 72, 74, 76, 78, 79, 82, 83, 84, 86, 87, 89, 90, 96, 97, 98, 100, 101, 103, 105, 106, 108, 109, 110, 111, 114, 115, 116, 117, 118, 120, 123, 124, 125, 126, 128, 130, 131, 133, 134, 135, 138, 139, 140, 141, 142, 145, 146, 147, 148, 150, 152, 154, 155, 157, 160, 165, 167, 168, 169, 170, 172, 173, 175, 177, 178, 179, 180, 183, 184, 185, 186, 187, 190, 191, 192, 194, 195, 197, 198, 199, 200, 202, 204, 205, 207, 210, 212, 213, 223, 225], "summary": {"covered_lines": 136, "num_statements": 136, "percent_covered": 98.57142857142857, "percent_covered_display": "99", "missing_lines": 0, "excluded_lines": 0, "num_branches": 4, "num_partial_branches": 2, "covered_branches": 2, "missing_branches": 2}, "missing_lines": [], "excluded_lines": [], "executed_branches": [[68, 69], [198, 199]], "missing_branches": [[68, 70], [198, 200]]}}}, "jobs\\views.py": {"executed_lines": [], "summary": {"covered_lines": 0, "num_statements": 0, "percent_covered": 100.0, "percent_covered_display": "100", "missing_lines": 0, "excluded_lines": 0, "num_branches": 0, "num_partial_branches": 0, "covered_branches": 0, "missing_branches": 0}, "missing_lines": [], "excluded_lines": [], "executed_branches": [], "missing_branches": [], "functions": {"": {"executed_lines": [], "summary": {"covered_lines": 0, "num_statements": 0, "percent_covered": 100.0, "percent_covered_display": "100", "missing_lines": 0, "excluded_lines": 0, "num_branches": 0, "num_partial_branches": 0, "covered_branches": 0, "missing_branches": 0}, "missing_lines": [], "excluded_lines": [], "executed_branches": [], "missing_branches": []}}, "classes": {"": {"executed_lines": [], "summary": {"covered_lines": 0, "num_statements": 0, "percent_covered": 100.0, "percent_covered_display": "100", "missing_lines": 0, "excluded_lines": 0, "num_branches": 0, "num_partial_branches": 0, "covered_branches": 0, "missing_branches": 0}, "missing_lines": [], "excluded_lines": [], "executed_branches": [], "missing_branches": []}}}, "videos\\__init__.py": {"executed_lines": [], "summary": {"covered_lines": 0, "num_statements": 0, "percent_covered": 100.0, "percent_covered_display": "100", "missing_lines": 0, "excluded_lines": 0, "num_branches": 0, "num_partial_branches": 0, "covered_branches": 0, "missing_branches": 0}, "missing_lines": [], "excluded_lines": [], "executed_branches": [], "missing_branches": [], "functions": {"": {"executed_lines": [], "summary": {"covered_lines": 0, "num_statements": 0, "percent_covered": 100.0, "percent_covered_display": "100", "missing_lines": 0, "excluded_lines": 0, "num_branches": 0, "num_partial_branches": 0, "covered_branches": 0, "missing_branches": 0}, "missing_lines": [], "excluded_lines": [], "executed_branches": [], "missing_branches": []}}, "classes": {"": {"executed_lines": [], "summary": {"covered_lines": 0, "num_statements": 0, "percent_covered": 100.0, "percent_covered_display": "100", "missing_lines": 0, "excluded_lines": 0, "num_branches": 0, "num_partial_branches": 0, "covered_branches": 0, "missing_branches": 0}, "missing_lines": [], "excluded_lines": [], "executed_branches": [], "missing_branches": []}}}, "videos\\api\\serializers.py": {"executed_lines": [1, 3, 4, 5, 8, 9, 12, 13, 14, 23, 24, 26, 27, 28, 29, 31, 32, 33, 36, 37, 38, 45, 54, 55, 61, 63, 64, 65, 66, 69, 70, 71, 72, 75, 76, 78, 79, 80, 81, 82, 83, 85], "summary": {"covered_lines": 41, "num_statements": 43, "percent_covered": 91.83673469387755, "percent_covered_display": "92", "missing_lines": 2, "excluded_lines": 0, "num_branches": 6, "num_partial_branches": 2, "covered_branches": 4, "missing_branches": 2}, "missing_lines": [67, 84], "excluded_lines": [], "executed_branches": [[65, 66], [81, 82], [81, 83], [83, 85]], "missing_branches": [[65, 67], [83, 84]], "functions": {"VideoSerializer.get_thumbnail_url": {"executed_lines": [32, 33], "summary": {"covered_lines": 2, "num_statements": 2, "percent_covered": 100.0, "percent_covered_display": "100", "missing_lines": 0, "excluded_lines": 0, "num_branches": 0, "num_partial_branches": 0, "covered_branches": 0, "missing_branches": 0}, "missing_lines": [], "excluded_lines": [], "executed_branches": [], "missing_branches": []}, "VideoTranscodeRequestSerializer.validate_resolutions": {"executed_lines": [64, 65, 66], "summary": {"covered_lines": 3, "num_statements": 4, "percent_covered": 66.66666666666667, "percent_covered_display": "67", "missing_lines": 1, "excluded_lines": 0, "num_branches": 2, "num_partial_branches": 1, "covered_branches": 1, "missing_branches": 1}, "missing_lines": [67], "excluded_lines": [], "executed_branches": [[65, 66]], "missing_branches": [[65, 67]]}, "VideoTranscodeRequestSerializer.validate": {"executed_lines": [70, 71, 72], "summary": {"covered_lines": 3, "num_statements": 3, "percent_covered": 100.0, "percent_covered_display": "100", "missing_lines": 0, "excluded_lines": 0, "num_branches": 0, "num_partial_branches": 0, "covered_branches": 0, "missing_branches": 0}, "missing_lines": [], "excluded_lines": [], "executed_branches": [], "missing_branches": []}, "VideoUploadSerializer.validate_file": {"executed_lines": [79, 80, 81, 82, 83, 85], "summary": {"covered_lines": 6, "num_statements": 7, "percent_covered": 81.81818181818181, "percent_covered_display": "82", "missing_lines": 1, "excluded_lines": 0, "num_branches": 4, "num_partial_branches": 1, "covered_branches": 3, "missing_branches": 1}, "missing_lines": [84], "excluded_lines": [], "executed_branches": [[81, 82], [81, 83], [83, 85]], "missing_branches": [[83, 84]]}, "": {"executed_lines": [1, 3, 4, 5, 8, 9, 12, 13, 14, 23, 24, 26, 27, 28, 29, 31, 36, 37, 38, 45, 54, 55, 61, 63, 69, 75, 76, 78], "summary": {"covered_lines": 27, "num_statements": 27, "percent_covered": 100.0, "percent_covered_display": "100", "missing_lines": 0, "excluded_lines": 0, "num_branches": 0, "num_partial_branches": 0, "covered_branches": 0, "missing_branches": 0}, "missing_lines": [], "excluded_lines": [], "executed_branches": [], "missing_branches": []}}, "classes": {"VideoListRequestSerializer": {"executed_lines": [], "summary": {"covered_lines": 0, "num_statements": 0, "percent_covered": 100.0, "percent_covered_display": "100", "missing_lines": 0, "excluded_lines": 0, "num_branches": 0, "num_partial_branches": 0, "covered_branches": 0, "missing_branches": 0}, "missing_lines": [], "excluded_lines": [], "executed_branches": [], "missing_branches": []}, "VideoSegmentRequestSerializer": {"executed_lines": [], "summary": {"covered_lines": 0, "num_statements": 0, "percent_covered": 100.0, "percent_covered_display": "100", "missing_lines": 0, "excluded_lines": 0, "num_branches": 0, "num_partial_branches": 0, "covered_branches": 0, "missing_branches": 0}, "missing_lines": [], "excluded_lines": [], "executed_branches": [], "missing_branches": []}, "VideoSerializer": {"executed_lines": [32, 33], "summary": {"covered_lines": 2, "num_statements": 2, "percent_covered": 100.0, "percent_covered_display": "100", "missing_lines": 0, "excluded_lines": 0, "num_branches": 0, "num_partial_branches": 0, "covered_branches": 0, "missing_branches": 0}, "missing_lines": [], "excluded_lines": [], "executed_branches": [], "missing_branches": []}, "VideoSerializer.Meta": {"executed_lines": [], "summary": {"covered_lines": 0, "num_statements": 0, "percent_covered": 100.0, "percent_covered_display": "100", "missing_lines": 0, "excluded_lines": 0, "num_branches": 0, "num_partial_branches": 0, "covered_branches": 0, "missing_branches": 0}, "missing_lines": [], "excluded_lines": [], "executed_branches": [], "missing_branches": []}, "VideoSegmentContentRequestSerializer": {"executed_lines": [], "summary": {"covered_lines": 0, "num_statements": 0, "percent_covered": 100.0, "percent_covered_display": "100", "missing_lines": 0, "excluded_lines": 0, "num_branches": 0, "num_partial_branches": 0, "covered_branches": 0, "missing_branches": 0}, "missing_lines": [], "excluded_lines": [], "executed_branches": [], "missing_branches": []}, "VideoTranscodeRequestSerializer": {"executed_lines": [64, 65, 66, 70, 71, 72], "summary": {"covered_lines": 6, "num_statements": 7, "percent_covered": 77.77777777777777, "percent_covered_display": "78", "missing_lines": 1, "excluded_lines": 0, "num_branches": 2, "num_partial_branches": 1, "covered_branches": 1, "missing_branches": 1}, "missing_lines": [67], "excluded_lines": [], "executed_branches": [[65, 66]], "missing_branches": [[65, 67]]}, "VideoUploadSerializer": {"executed_lines": [79, 80, 81, 82, 83, 85], "summary": {"covered_lines": 6, "num_statements": 7, "percent_covered": 81.81818181818181, "percent_covered_display": "82", "missing_lines": 1, "excluded_lines": 0, "num_branches": 4, "num_partial_branches": 1, "covered_branches": 3, "missing_branches": 1}, "missing_lines": [84], "excluded_lines": [], "executed_branches": [[81, 82], [81, 83], [83, 85]], "missing_branches": [[83, 84]]}, "": {"executed_lines": [1, 3, 4, 5, 8, 9, 12, 13, 14, 23, 24, 26, 27, 28, 29, 31, 36, 37, 38, 45, 54, 55, 61, 63, 69, 75, 76, 78], "summary": {"covered_lines": 27, "num_statements": 27, "percent_covered": 100.0, "percent_covered_display": "100", "missing_lines": 0, "excluded_lines": 0, "num_branches": 0, "num_partial_branches": 0, "covered_branches": 0, "missing_branches": 0}, "missing_lines": [], "excluded_lines": [], "executed_branches": [], "missing_branches": []}}}, "videos\\api\\tests\\test_common_utils.py": {"executed_lines": [1, 3, 5, 8, 9, 11, 13, 16, 17, 19, 21, 24, 25, 27, 29], "summary": {"covered_lines": 15, "num_statements": 15, "percent_covered": 100.0, "percent_covered_display": "100", "missing_lines": 0, "excluded_lines": 0, "num_branches": 0, "num_partial_branches": 0, "covered_branches": 0, "missing_branches": 0}, "missing_lines": [], "excluded_lines": [], "executed_branches": [], "missing_branches": [], "functions": {"test_format_validation_error_with_message_dict": {"executed_lines": [9, 11, 13], "summary": {"covered_lines": 3, "num_statements": 3, "percent_covered": 100.0, "percent_covered_display": "100", "missing_lines": 0, "excluded_lines": 0, "num_branches": 0, "num_partial_branches": 0, "covered_branches": 0, "missing_branches": 0}, "missing_lines": [], "excluded_lines": [], "executed_branches": [], "missing_branches": []}, "test_format_validation_error_with_messages_list": {"executed_lines": [17, 19, 21], "summary": {"covered_lines": 3, "num_statements": 3, "percent_covered": 100.0, "percent_covered_display": "100", "missing_lines": 0, "excluded_lines": 0, "num_branches": 0, "num_partial_branches": 0, "covered_branches": 0, "missing_branches": 0}, "missing_lines": [], "excluded_lines": [], "executed_branches": [], "missing_branches": []}, "test_format_validation_error_default_branch": {"executed_lines": [25, 27, 29], "summary": {"covered_lines": 3, "num_statements": 3, "percent_covered": 100.0, "percent_covered_display": "100", "missing_lines": 0, "excluded_lines": 0, "num_branches": 0, "num_partial_branches": 0, "covered_branches": 0, "missing_branches": 0}, "missing_lines": [], "excluded_lines": [], "executed_branches": [], "missing_branches": []}, "": {"executed_lines": [1, 3, 5, 8, 16, 24], "summary": {"covered_lines": 6, "num_statements": 6, "percent_covered": 100.0, "percent_covered_display": "100", "missing_lines": 0, "excluded_lines": 0, "num_branches": 0, "num_partial_branches": 0, "covered_branches": 0, "missing_branches": 0}, "missing_lines": [], "excluded_lines": [], "executed_branches": [], "missing_branches": []}}, "classes": {"": {"executed_lines": [1, 3, 5, 8, 9, 11, 13, 16, 17, 19, 21, 24, 25, 27, 29], "summary": {"covered_lines": 15, "num_statements": 15, "percent_covered": 100.0, "percent_covered_display": "100", "missing_lines": 0, "excluded_lines": 0, "num_branches": 0, "num_partial_branches": 0, "covered_branches": 0, "missing_branches": 0}, "missing_lines": [], "excluded_lines": [], "executed_branches": [], "missing_branches": []}}}, "videos\\api\\tests\\test_cookie_auth_nonjson.py": {"executed_lines": [1, 3, 5, 6, 7, 8, 9, 12, 13, 14, 15, 16, 19, 20, 21, 29, 32, 33, 34, 35, 42, 43, 45, 49, 51, 56, 59, 60, 61, 62, 63, 70, 71, 73, 74, 81, 82, 83, 85, 90, 91, 93, 97, 98, 102, 104, 108, 110, 114, 116, 120, 121, 125, 128, 129, 130, 131, 132, 139, 140, 141, 142, 147, 148, 150, 152, 154, 155, 157, 160, 161, 162, 163, 165, 166, 173, 174, 176, 178, 182, 183, 187, 189, 193, 195, 199, 202, 203, 204, 208, 209, 210, 211], "summary": {"covered_lines": 93, "num_statements": 93, "percent_covered": 100.0, "percent_covered_display": "100", "missing_lines": 0, "excluded_lines": 0, "num_branches": 0, "num_partial_branches": 0, "covered_branches": 0, "missing_branches": 0}, "missing_lines": [], "excluded_lines": [], "executed_branches": [], "missing_branches": [], "functions": {"allow_test_hosts": {"executed_lines": [14, 15, 16], "summary": {"covered_lines": 3, "num_statements": 3, "percent_covered": 100.0, "percent_covered_display": "100", "missing_lines": 0, "excluded_lines": 0, "num_branches": 0, "num_partial_branches": 0, "covered_branches": 0, "missing_branches": 0}, "missing_lines": [], "excluded_lines": [], "executed_branches": [], "missing_branches": []}, "_make_access_token": {"executed_lines": [20, 21, 29], "summary": {"covered_lines": 3, "num_statements": 3, "percent_covered": 100.0, "percent_covered_display": "100", "missing_lines": 0, "excluded_lines": 0, "num_branches": 0, "num_partial_branches": 0, "covered_branches": 0, "missing_branches": 0}, "missing_lines": [], "excluded_lines": [], "executed_branches": [], "missing_branches": []}, "test_cookie_auth_non_json_accept_headers": {"executed_lines": [34, 35, 42, 43, 45, 49, 51, 56], "summary": {"covered_lines": 8, "num_statements": 8, "percent_covered": 100.0, "percent_covered_display": "100", "missing_lines": 0, "excluded_lines": 0, "num_branches": 0, "num_partial_branches": 0, "covered_branches": 0, "missing_branches": 0}, "missing_lines": [], "excluded_lines": [], "executed_branches": [], "missing_branches": []}, "test_login_sets_cookie_that_allows_hls_requests": {"executed_lines": [61, 62, 63, 70, 71, 73, 74, 81, 82, 83, 85, 90, 91, 93, 97, 98, 102, 104, 108, 110, 114, 116, 120, 121, 125], "summary": {"covered_lines": 25, "num_statements": 25, "percent_covered": 100.0, "percent_covered_display": "100", "missing_lines": 0, "excluded_lines": 0, "num_branches": 0, "num_partial_branches": 0, "covered_branches": 0, "missing_branches": 0}, "missing_lines": [], "excluded_lines": [], "executed_branches": [], "missing_branches": []}, "_MockRequest.__init__": {"executed_lines": [130, 131, 132], "summary": {"covered_lines": 3, "num_statements": 3, "percent_covered": 100.0, "percent_covered_display": "100", "missing_lines": 0, "excluded_lines": 0, "num_branches": 0, "num_partial_branches": 0, "covered_branches": 0, "missing_branches": 0}, "missing_lines": [], "excluded_lines": [], "executed_branches": [], "missing_branches": []}, "test_cookie_authentication_reads_raw_cookie_header": {"executed_lines": [141, 142, 147, 148, 150, 152, 154, 155, 157], "summary": {"covered_lines": 9, "num_statements": 9, "percent_covered": 100.0, "percent_covered_display": "100", "missing_lines": 0, "excluded_lines": 0, "num_branches": 0, "num_partial_branches": 0, "covered_branches": 0, "missing_branches": 0}, "missing_lines": [], "excluded_lines": [], "executed_branches": [], "missing_branches": []}, "test_hls_endpoints_require_cookie": {"executed_lines": [162, 163, 165, 166, 173, 174, 176, 178, 182, 183, 187, 189, 193, 195, 199], "summary": {"covered_lines": 15, "num_statements": 15, "percent_covered": 100.0, "percent_covered_display": "100", "missing_lines": 0, "excluded_lines": 0, "num_branches": 0, "num_partial_branches": 0, "covered_branches": 0, "missing_branches": 0}, "missing_lines": [], "excluded_lines": [], "executed_branches": [], "missing_branches": []}, "test_debug_auth_returns_json_regardless_of_accept": {"executed_lines": [204, 208, 209, 210, 211], "summary": {"covered_lines": 5, "num_statements": 5, "percent_covered": 100.0, "percent_covered_display": "100", "missing_lines": 0, "excluded_lines": 0, "num_branches": 0, "num_partial_branches": 0, "covered_branches": 0, "missing_branches": 0}, "missing_lines": [], "excluded_lines": [], "executed_branches": [], "missing_branches": []}, "": {"executed_lines": [1, 3, 5, 6, 7, 8, 9, 12, 13, 19, 32, 33, 59, 60, 128, 129, 139, 140, 160, 161, 202, 203], "summary": {"covered_lines": 22, "num_statements": 22, "percent_covered": 100.0, "percent_covered_display": "100", "missing_lines": 0, "excluded_lines": 0, "num_branches": 0, "num_partial_branches": 0, "covered_branches": 0, "missing_branches": 0}, "missing_lines": [], "excluded_lines": [], "executed_branches": [], "missing_branches": []}}, "classes": {"_MockRequest": {"executed_lines": [130, 131, 132], "summary": {"covered_lines": 3, "num_statements": 3, "percent_covered": 100.0, "percent_covered_display": "100", "missing_lines": 0, "excluded_lines": 0, "num_branches": 0, "num_partial_branches": 0, "covered_branches": 0, "missing_branches": 0}, "missing_lines": [], "excluded_lines": [], "executed_branches": [], "missing_branches": []}, "": {"executed_lines": [1, 3, 5, 6, 7, 8, 9, 12, 13, 14, 15, 16, 19, 20, 21, 29, 32, 33, 34, 35, 42, 43, 45, 49, 51, 56, 59, 60, 61, 62, 63, 70, 71, 73, 74, 81, 82, 83, 85, 90, 91, 93, 97, 98, 102, 104, 108, 110, 114, 116, 120, 121, 125, 128, 129, 139, 140, 141, 142, 147, 148, 150, 152, 154, 155, 157, 160, 161, 162, 163, 165, 166, 173, 174, 176, 178, 182, 183, 187, 189, 193, 195, 199, 202, 203, 204, 208, 209, 210, 211], "summary": {"covered_lines": 90, "num_statements": 90, "percent_covered": 100.0, "percent_covered_display": "100", "missing_lines": 0, "excluded_lines": 0, "num_branches": 0, "num_partial_branches": 0, "covered_branches": 0, "missing_branches": 0}, "missing_lines": [], "excluded_lines": [], "executed_branches": [], "missing_branches": []}}}, "videos\\api\\tests\\test_debug_views.py": {"executed_lines": [1, 3, 5, 6, 7, 9, 10, 11, 14, 17, 18, 19, 20, 23, 24, 25, 26, 27, 30, 31, 32, 33, 34, 42, 43, 45, 46, 47, 49, 50, 51, 52, 53, 54, 55], "summary": {"covered_lines": 35, "num_statements": 35, "percent_covered": 100.0, "percent_covered_display": "100", "missing_lines": 0, "excluded_lines": 0, "num_branches": 0, "num_partial_branches": 0, "covered_branches": 0, "missing_branches": 0}, "missing_lines": [], "excluded_lines": [], "executed_branches": [], "missing_branches": [], "functions": {"media_root": {"executed_lines": [19, 20], "summary": {"covered_lines": 2, "num_statements": 2, "percent_covered": 100.0, "percent_covered_display": "100", "missing_lines": 0, "excluded_lines": 0, "num_branches": 0, "num_partial_branches": 0, "covered_branches": 0, "missing_branches": 0}, "missing_lines": [], "excluded_lines": [], "executed_branches": [], "missing_branches": []}, "test_debug_view_not_available_when_debug_false": {"executed_lines": [24, 25, 26, 27], "summary": {"covered_lines": 4, "num_statements": 4, "percent_covered": 100.0, "percent_covered_display": "100", "missing_lines": 0, "excluded_lines": 0, "num_branches": 0, "num_partial_branches": 0, "covered_branches": 0, "missing_branches": 0}, "missing_lines": [], "excluded_lines": [], "executed_branches": [], "missing_branches": []}, "test_debug_view_reports_manifest_details": {"executed_lines": [31, 32, 33, 34, 42, 43, 45, 46, 47, 49, 50, 51, 52, 53, 54, 55], "summary": {"covered_lines": 16, "num_statements": 16, "percent_covered": 100.0, "percent_covered_display": "100", "missing_lines": 0, "excluded_lines": 0, "num_branches": 0, "num_partial_branches": 0, "covered_branches": 0, "missing_branches": 0}, "missing_lines": [], "excluded_lines": [], "executed_branches": [], "missing_branches": []}, "": {"executed_lines": [1, 3, 5, 6, 7, 9, 10, 11, 14, 17, 18, 23, 30], "summary": {"covered_lines": 13, "num_statements": 13, "percent_covered": 100.0, "percent_covered_display": "100", "missing_lines": 0, "excluded_lines": 0, "num_branches": 0, "num_partial_branches": 0, "covered_branches": 0, "missing_branches": 0}, "missing_lines": [], "excluded_lines": [], "executed_branches": [], "missing_branches": []}}, "classes": {"": {"executed_lines": [1, 3, 5, 6, 7, 9, 10, 11, 14, 17, 18, 19, 20, 23, 24, 25, 26, 27, 30, 31, 32, 33, 34, 42, 43, 45, 46, 47, 49, 50, 51, 52, 53, 54, 55], "summary": {"covered_lines": 35, "num_statements": 35, "percent_covered": 100.0, "percent_covered_display": "100", "missing_lines": 0, "excluded_lines": 0, "num_branches": 0, "num_partial_branches": 0, "covered_branches": 0, "missing_branches": 0}, "missing_lines": [], "excluded_lines": [], "executed_branches": [], "missing_branches": []}}}, "videos\\api\\tests\\test_hls_auth.py": {"executed_lines": [1, 3, 4, 6, 7, 8, 9, 10, 12, 13, 14, 16, 19, 20, 21, 28, 29, 30, 40, 41, 42, 48, 51, 52, 53, 54, 55, 56, 57, 62, 68, 69, 70, 71, 73, 76, 77, 78, 79, 80, 83, 84, 85, 87, 92, 95, 96, 97, 98, 100, 105, 106, 109, 110, 111, 113, 118, 121, 122, 123, 124, 126, 131, 132, 135, 136, 137, 138, 140, 145, 146], "summary": {"covered_lines": 71, "num_statements": 71, "percent_covered": 100.0, "percent_covered_display": "100", "missing_lines": 0, "excluded_lines": 0, "num_branches": 0, "num_partial_branches": 0, "covered_branches": 0, "missing_branches": 0}, "missing_lines": [], "excluded_lines": [], "executed_branches": [], "missing_branches": [], "functions": {"_create_user": {"executed_lines": [20, 21], "summary": {"covered_lines": 2, "num_statements": 2, "percent_covered": 100.0, "percent_covered_display": "100", "missing_lines": 0, "excluded_lines": 0, "num_branches": 0, "num_partial_branches": 0, "covered_branches": 0, "missing_branches": 0}, "missing_lines": [], "excluded_lines": [], "executed_branches": [], "missing_branches": []}, "_create_video": {"executed_lines": [29, 30], "summary": {"covered_lines": 2, "num_statements": 2, "percent_covered": 100.0, "percent_covered_display": "100", "missing_lines": 0, "excluded_lines": 0, "num_branches": 0, "num_partial_branches": 0, "covered_branches": 0, "missing_branches": 0}, "missing_lines": [], "excluded_lines": [], "executed_branches": [], "missing_branches": []}, "_issue_access_cookie": {"executed_lines": [41, 42, 48], "summary": {"covered_lines": 3, "num_statements": 3, "percent_covered": 100.0, "percent_covered_display": "100", "missing_lines": 0, "excluded_lines": 0, "num_branches": 0, "num_partial_branches": 0, "covered_branches": 0, "missing_branches": 0}, "missing_lines": [], "excluded_lines": [], "executed_branches": [], "missing_branches": []}, "published_video": {"executed_lines": [53, 54, 55, 56, 57, 62, 68, 69, 70, 71, 73], "summary": {"covered_lines": 11, "num_statements": 11, "percent_covered": 100.0, "percent_covered_display": "100", "missing_lines": 0, "excluded_lines": 0, "num_branches": 0, "num_partial_branches": 0, "covered_branches": 0, "missing_branches": 0}, "missing_lines": [], "excluded_lines": [], "executed_branches": [], "missing_branches": []}, "_auth_client": {"executed_lines": [77, 78, 79, 80], "summary": {"covered_lines": 4, "num_statements": 4, "percent_covered": 100.0, "percent_covered_display": "100", "missing_lines": 0, "excluded_lines": 0, "num_branches": 0, "num_partial_branches": 0, "covered_branches": 0, "missing_branches": 0}, "missing_lines": [], "excluded_lines": [], "executed_branches": [], "missing_branches": []}, "test_m3u8_requires_auth_cookie": {"executed_lines": [84, 85, 87, 92], "summary": {"covered_lines": 4, "num_statements": 4, "percent_covered": 100.0, "percent_covered_display": "100", "missing_lines": 0, "excluded_lines": 0, "num_branches": 0, "num_partial_branches": 0, "covered_branches": 0, "missing_branches": 0}, "missing_lines": [], "excluded_lines": [], "executed_branches": [], "missing_branches": []}, "test_m3u8_with_cookie_ok": {"executed_lines": [96, 97, 98, 100, 105, 106], "summary": {"covered_lines": 6, "num_statements": 6, "percent_covered": 100.0, "percent_covered_display": "100", "missing_lines": 0, "excluded_lines": 0, "num_branches": 0, "num_partial_branches": 0, "covered_branches": 0, "missing_branches": 0}, "missing_lines": [], "excluded_lines": [], "executed_branches": [], "missing_branches": []}, "test_ts_requires_auth_cookie": {"executed_lines": [110, 111, 113, 118], "summary": {"covered_lines": 4, "num_statements": 4, "percent_covered": 100.0, "percent_covered_display": "100", "missing_lines": 0, "excluded_lines": 0, "num_branches": 0, "num_partial_branches": 0, "covered_branches": 0, "missing_branches": 0}, "missing_lines": [], "excluded_lines": [], "executed_branches": [], "missing_branches": []}, "test_ts_with_cookie_ok": {"executed_lines": [122, 123, 124, 126, 131, 132], "summary": {"covered_lines": 6, "num_statements": 6, "percent_covered": 100.0, "percent_covered_display": "100", "missing_lines": 0, "excluded_lines": 0, "num_branches": 0, "num_partial_branches": 0, "covered_branches": 0, "missing_branches": 0}, "missing_lines": [], "excluded_lines": [], "executed_branches": [], "missing_branches": []}, "test_manifest_json_accept_returns_404_payload": {"executed_lines": [136, 137, 138, 140, 145, 146], "summary": {"covered_lines": 6, "num_statements": 6, "percent_covered": 100.0, "percent_covered_display": "100", "missing_lines": 0, "excluded_lines": 0, "num_branches": 0, "num_partial_branches": 0, "covered_branches": 0, "missing_branches": 0}, "missing_lines": [], "excluded_lines": [], "executed_branches": [], "missing_branches": []}, "": {"executed_lines": [1, 3, 4, 6, 7, 8, 9, 10, 12, 13, 14, 16, 19, 28, 40, 51, 52, 76, 83, 95, 109, 121, 135], "summary": {"covered_lines": 23, "num_statements": 23, "percent_covered": 100.0, "percent_covered_display": "100", "missing_lines": 0, "excluded_lines": 0, "num_branches": 0, "num_partial_branches": 0, "covered_branches": 0, "missing_branches": 0}, "missing_lines": [], "excluded_lines": [], "executed_branches": [], "missing_branches": []}}, "classes": {"": {"executed_lines": [1, 3, 4, 6, 7, 8, 9, 10, 12, 13, 14, 16, 19, 20, 21, 28, 29, 30, 40, 41, 42, 48, 51, 52, 53, 54, 55, 56, 57, 62, 68, 69, 70, 71, 73, 76, 77, 78, 79, 80, 83, 84, 85, 87, 92, 95, 96, 97, 98, 100, 105, 106, 109, 110, 111, 113, 118, 121, 122, 123, 124, 126, 131, 132, 135, 136, 137, 138, 140, 145, 146], "summary": {"covered_lines": 71, "num_statements": 71, "percent_covered": 100.0, "percent_covered_display": "100", "missing_lines": 0, "excluded_lines": 0, "num_branches": 0, "num_partial_branches": 0, "covered_branches": 0, "missing_branches": 0}, "missing_lines": [], "excluded_lines": [], "executed_branches": [], "missing_branches": []}}}, "videos\\api\\tests\\test_hls_delivery.py": {"executed_lines": [1, 3, 4, 6, 7, 8, 9, 10, 12, 13, 14, 17, 18, 19, 20, 23, 24, 25, 33, 36, 37, 38, 39, 46, 53, 55, 56, 57, 58, 59, 61, 62, 63, 64, 66, 67, 69, 74, 75, 76, 77, 78, 79, 80, 82, 86, 87, 88, 89, 90, 91, 92, 95, 96, 97, 98, 105, 106, 108, 113, 114, 117, 118, 119, 120, 127, 134, 136, 137, 138, 140, 141, 143, 148, 149, 152, 153, 154, 155, 162, 169, 171, 172, 174, 179, 180], "summary": {"covered_lines": 86, "num_statements": 86, "percent_covered": 100.0, "percent_covered_display": "100", "missing_lines": 0, "excluded_lines": 0, "num_branches": 0, "num_partial_branches": 0, "covered_branches": 0, "missing_branches": 0}, "missing_lines": [], "excluded_lines": [], "executed_branches": [], "missing_branches": [], "functions": {"allow_test_hosts": {"executed_lines": [19, 20], "summary": {"covered_lines": 2, "num_statements": 2, "percent_covered": 100.0, "percent_covered_display": "100", "missing_lines": 0, "excluded_lines": 0, "num_branches": 0, "num_partial_branches": 0, "covered_branches": 0, "missing_branches": 0}, "missing_lines": [], "excluded_lines": [], "executed_branches": [], "missing_branches": []}, "_make_access_token": {"executed_lines": [24, 25, 33], "summary": {"covered_lines": 3, "num_statements": 3, "percent_covered": 100.0, "percent_covered_display": "100", "missing_lines": 0, "excluded_lines": 0, "num_branches": 0, "num_partial_branches": 0, "covered_branches": 0, "missing_branches": 0}, "missing_lines": [], "excluded_lines": [], "executed_branches": [], "missing_branches": []}, "test_manifest_streams_entire_file": {"executed_lines": [38, 39, 46, 53, 55, 56, 57, 58, 59, 61, 62, 63, 64, 66, 67, 69, 74, 75, 76, 77, 78, 79, 80, 82, 86, 87, 88, 89, 90, 91, 92], "summary": {"covered_lines": 31, "num_statements": 31, "percent_covered": 100.0, "percent_covered_display": "100", "missing_lines": 0, "excluded_lines": 0, "num_branches": 0, "num_partial_branches": 0, "covered_branches": 0, "missing_branches": 0}, "missing_lines": [], "excluded_lines": [], "executed_branches": [], "missing_branches": []}, "test_manifest_missing_returns_404_json": {"executed_lines": [97, 98, 105, 106, 108, 113, 114], "summary": {"covered_lines": 7, "num_statements": 7, "percent_covered": 100.0, "percent_covered_display": "100", "missing_lines": 0, "excluded_lines": 0, "num_branches": 0, "num_partial_branches": 0, "covered_branches": 0, "missing_branches": 0}, "missing_lines": [], "excluded_lines": [], "executed_branches": [], "missing_branches": []}, "test_manifest_stub_file_returns_404": {"executed_lines": [119, 120, 127, 134, 136, 137, 138, 140, 141, 143, 148, 149], "summary": {"covered_lines": 12, "num_statements": 12, "percent_covered": 100.0, "percent_covered_display": "100", "missing_lines": 0, "excluded_lines": 0, "num_branches": 0, "num_partial_branches": 0, "covered_branches": 0, "missing_branches": 0}, "missing_lines": [], "excluded_lines": [], "executed_branches": [], "missing_branches": []}, "test_manifest_stub_db_returns_404": {"executed_lines": [154, 155, 162, 169, 171, 172, 174, 179, 180], "summary": {"covered_lines": 9, "num_statements": 9, "percent_covered": 100.0, "percent_covered_display": "100", "missing_lines": 0, "excluded_lines": 0, "num_branches": 0, "num_partial_branches": 0, "covered_branches": 0, "missing_branches": 0}, "missing_lines": [], "excluded_lines": [], "executed_branches": [], "missing_branches": []}, "": {"executed_lines": [1, 3, 4, 6, 7, 8, 9, 10, 12, 13, 14, 17, 18, 23, 36, 37, 95, 96, 117, 118, 152, 153], "summary": {"covered_lines": 22, "num_statements": 22, "percent_covered": 100.0, "percent_covered_display": "100", "missing_lines": 0, "excluded_lines": 0, "num_branches": 0, "num_partial_branches": 0, "covered_branches": 0, "missing_branches": 0}, "missing_lines": [], "excluded_lines": [], "executed_branches": [], "missing_branches": []}}, "classes": {"": {"executed_lines": [1, 3, 4, 6, 7, 8, 9, 10, 12, 13, 14, 17, 18, 19, 20, 23, 24, 25, 33, 36, 37, 38, 39, 46, 53, 55, 56, 57, 58, 59, 61, 62, 63, 64, 66, 67, 69, 74, 75, 76, 77, 78, 79, 80, 82, 86, 87, 88, 89, 90, 91, 92, 95, 96, 97, 98, 105, 106, 108, 113, 114, 117, 118, 119, 120, 127, 134, 136, 137, 138, 140, 141, 143, 148, 149, 152, 153, 154, 155, 162, 169, 171, 172, 174, 179, 180], "summary": {"covered_lines": 86, "num_statements": 86, "percent_covered": 100.0, "percent_covered_display": "100", "missing_lines": 0, "excluded_lines": 0, "num_branches": 0, "num_partial_branches": 0, "covered_branches": 0, "missing_branches": 0}, "missing_lines": [], "excluded_lines": [], "executed_branches": [], "missing_branches": []}}}, "videos\\api\\tests\\test_https_cookies.py": {"executed_lines": [1, 3, 4, 5, 6, 9, 10, 11, 12, 18, 19, 27, 28, 29, 31, 32, 33, 34, 36, 37], "summary": {"covered_lines": 20, "num_statements": 20, "percent_covered": 100.0, "percent_covered_display": "100", "missing_lines": 0, "excluded_lines": 0, "num_branches": 0, "num_partial_branches": 0, "covered_branches": 0, "missing_branches": 0}, "missing_lines": [], "excluded_lines": [], "executed_branches": [], "missing_branches": [], "functions": {"test_https_login_sets_secure_cookies_and_cors_headers": {"executed_lines": [11, 12, 18, 19, 27, 28, 29, 31, 32, 33, 34, 36, 37], "summary": {"covered_lines": 13, "num_state
[...]
sing_lines": [], "excluded_lines": [], "executed_branches": [], "missing_branches": []}, "test_check_renditions_missing_real_logged.resolve_public": {"executed_lines": [1111, 1112], "summary": {"covered_lines": 2, "num_statements": 3, "percent_covered": 60.0, "percent_covered_display": "60", "missing_lines": 1, "excluded_lines": 0, "num_branches": 2, "num_partial_branches": 1, "covered_branches": 1, "missing_branches": 1}, "missing_lines": [1113], "excluded_lines": [], "executed_branches": [[1111, 1112]], "missing_branches": [[1111, 1113]]}, "test_check_renditions_invalid_ids_raise_after_summary": {"executed_lines": [1150, 1151, 1153, 1155, 1160, 1162, 1163, 1164, 1178, 1179, 1186, 1193], "summary": {"covered_lines": 12, "num_statements": 12, "percent_covered": 100.0, "percent_covered_display": "100", "missing_lines": 0, "excluded_lines": 0, "num_branches": 0, "num_partial_branches": 0, "covered_branches": 0, "missing_branches": 0}, "missing_lines": [], "excluded_lines": [], "executed_branches": [], "missing_branches": []}, "test_check_renditions_invalid_ids_raise_after_summary.resolve_public": {"executed_lines": [1156, 1157, 1158], "summary": {"covered_lines": 3, "num_statements": 3, "percent_covered": 100.0, "percent_covered_display": "100", "missing_lines": 0, "excluded_lines": 0, "num_branches": 2, "num_partial_branches": 0, "covered_branches": 2, "missing_branches": 0}, "missing_lines": [], "excluded_lines": [], "executed_branches": [[1156, 1157], [1156, 1158]], "missing_branches": []}, "test_check_renditions_resolution_status_oserror": {"executed_lines": [1203, 1204, 1206, 1207, 1208, 1209, 1211, 1213, 1218, 1220, 1221, 1222], "summary": {"covered_lines": 12, "num_statements": 12, "percent_covered": 100.0, "percent_covered_display": "100", "missing_lines": 0, "excluded_lines": 0, "num_branches": 0, "num_partial_branches": 0, "covered_branches": 0, "missing_branches": 0}, "missing_lines": [], "excluded_lines": [], "executed_branches": [], "missing_branches": []}, "test_check_renditions_resolution_status_oserror.flaky_stat": {"executed_lines": [1214, 1215, 1216], "summary": {"covered_lines": 3, "num_statements": 3, "percent_covered": 100.0, "percent_covered_display": "100", "missing_lines": 0, "excluded_lines": 0, "num_branches": 2, "num_partial_branches": 0, "covered_branches": 2, "missing_branches": 0}, "missing_lines": [], "excluded_lines": [], "executed_branches": [[1214, 1215], [1214, 1216]], "missing_branches": []}, "": {"executed_lines": [1, 3, 4, 5, 7, 8, 10, 11, 14, 17, 23, 31, 32, 39, 46, 62, 73, 77, 102, 116, 137, 155, 175, 213, 238, 283, 308, 351, 377, 381, 409, 423, 440, 450, 464, 484, 500, 548, 592, 628, 657, 671, 691, 757, 799, 844, 869, 910, 942, 994, 1023, 1038, 1052, 1064, 1078, 1106, 1149, 1202], "summary": {"covered_lines": 58, "num_statements": 58, "percent_covered": 100.0, "percent_covered_display": "100", "missing_lines": 0, "excluded_lines": 0, "num_branches": 0, "num_partial_branches": 0, "covered_branches": 0, "missing_branches": 0}, "missing_lines": [], "excluded_lines": [], "executed_branches": [], "missing_branches": []}}, "classes": {"": {"executed_lines": [1, 3, 4, 5, 7, 8, 10, 11, 14, 17, 18, 20, 23, 24, 25, 26, 27, 31, 32, 33, 34, 35, 36, 39, 40, 41, 42, 43, 46, 47, 48, 49, 50, 52, 53, 54, 55, 56, 57, 58, 59, 62, 63, 73, 74, 77, 78, 79, 80, 81, 83, 84, 86, 87, 89, 91, 92, 94, 95, 99, 102, 103, 104, 105, 107, 116, 117, 118, 119, 120, 122, 123, 125, 126, 128, 130, 132, 133, 134, 137, 138, 139, 140, 141, 143, 144, 146, 147, 149, 155, 156, 157, 158, 159, 161, 162, 166, 175, 176, 177, 178, 180, 181, 182, 185, 186, 188, 190, 191, 193, 195, 196, 198, 199, 200, 207, 213, 214, 215, 217, 218, 219, 222, 223, 224, 226, 227, 228, 238, 239, 241, 242, 244, 245, 247, 248, 249, 250, 251, 252, 253, 254, 256, 257, 259, 260, 267, 274, 283, 284, 285, 287, 289, 290, 291, 294, 295, 297, 298, 299, 308, 309, 310, 311, 312, 313, 315, 316, 318, 320, 321, 323, 325, 326, 338, 339, 346, 347, 348, 351, 352, 353, 355, 356, 357, 359, 360, 361, 363, 364, 368, 377, 378, 381, 382, 383, 384, 386, 387, 389, 391, 392, 393, 394, 397, 399, 400, 401, 402, 403, 404, 406, 409, 410, 411, 413, 414, 415, 416, 420, 423, 424, 425, 427, 428, 429, 430, 434, 440, 441, 442, 444, 445, 446, 447, 450, 451, 452, 453, 455, 464, 465, 467, 468, 470, 472, 473, 475, 484, 485, 486, 488, 489, 491, 492, 494, 500, 501, 503, 504, 505, 507, 508, 510, 511, 512, 515, 517, 518, 530, 531, 535, 536, 537, 538, 542, 548, 549, 550, 551, 552, 553, 555, 557, 558, 560, 561, 562, 565, 566, 568, 569, 580, 581, 582, 586, 592, 593, 594, 595, 597, 603, 604, 605, 615, 619, 628, 629, 630, 631, 632, 634, 635, 637, 638, 640, 641, 642, 644, 645, 646, 649, 651, 653, 654, 657, 658, 659, 660, 662, 671, 672, 674, 675, 677, 679, 680, 682, 691, 692, 693, 695, 696, 697, 698, 700, 701, 702, 703, 704, 705, 706, 708, 709, 710, 712, 713, 714, 716, 717, 718, 732, 733, 740, 747, 757, 758, 759, 761, 762, 764, 765, 767, 768, 769, 782, 789, 799, 800, 801, 803, 805, 806, 807, 808, 810, 811, 813, 814, 815, 828, 835, 844, 845, 846, 848, 849, 850, 851, 853, 854, 863, 869, 870, 871, 873, 875, 876, 878, 879, 880, 881, 883, 884, 885, 897, 901, 910, 911, 913, 914, 916, 917, 918, 929, 933, 942, 943, 944, 946, 947, 949, 951, 952, 954, 955, 956, 957, 959, 960, 962, 963, 964, 976, 977, 985, 994, 995, 996, 997, 998, 1000, 1001, 1003, 1004, 1006, 1007, 1008, 1010, 1011, 1012, 1015, 1017, 1019, 1020, 1023, 1024, 1025, 1027, 1028, 1029, 1030, 1032, 1034, 1035, 1038, 1039, 1040, 1042, 1043, 1044, 1045, 1047, 1048, 1052, 1053, 1054, 1056, 1057, 1059, 1060, 1061, 1064, 1065, 1066, 1067, 1069, 1078, 1079, 1081, 1082, 1084, 1086, 1087, 1088, 1090, 1097, 1106, 1107, 1108, 1110, 1111, 1112, 1115, 1117, 1118, 1119, 1132, 1133, 1140, 1149, 1150, 1151, 1153, 1155, 1156, 1157, 1158, 1160, 1162, 1163, 1164, 1178, 1179, 1186, 1193, 1202, 1203, 1204, 1206, 1207, 1208, 1209, 1211, 1213, 1214, 1215, 1216, 1218, 1220, 1221, 1222], "summary": {"covered_lines": 552, "num_statements": 563, "percent_covered": 96.21087314662273, "percent_covered_display": "96", "missing_lines": 11, "excluded_lines": 0, "num_branches": 44, "num_partial_branches": 12, "covered_branches": 32, "missing_branches": 12}, "missing_lines": [28, 183, 220, 292, 395, 513, 563, 647, 707, 1013, 1113], "excluded_lines": [], "executed_branches": [[25, 26], [26, 27], [49, 50], [49, 52], [53, 54], [53, 58], [181, 182], [218, 219], [290, 291], [393, 394], [511, 512], [561, 562], [645, 646], [696, 697], [696, 698], [703, 704], [703, 710], [704, 705], [704, 706], [706, 708], [806, 807], [806, 808], [955, 956], [955, 957], [1011, 1012], [1044, 1045], [1044, 1047], [1111, 1112], [1156, 1157], [1156, 1158], [1214, 1215], [1214, 1216]], "missing_branches": [[25, 28], [26, 25], [181, 183], [218, 220], [290, 292], [393, 395], [511, 513], [561, 563], [645, 647], [706, 707], [1011, 1013], [1111, 1113]]}}}, "videos\\tests\\management\\test_rendition_commands.py": {"executed_lines": [1, 3, 4, 6, 7, 8, 9, 10, 12, 14, 15, 16, 18, 19, 22, 23, 24, 25, 26, 27, 28, 29, 30, 33, 34, 35, 36, 37, 38, 41, 42, 43, 44, 45, 46, 49, 50, 51, 52, 53, 60, 67, 68, 69, 71, 72, 73, 84, 85, 86, 87, 90, 91, 92, 93, 94, 101, 103, 104, 105, 115, 116, 117, 120, 121, 122, 124, 125, 127, 132, 133, 134, 142, 150, 151, 153, 154, 155, 166, 167, 168, 171, 172, 173, 174, 181, 188, 190, 191, 193, 198, 199, 200, 201, 203, 204, 205, 216, 217, 218, 219, 221, 222, 223, 234, 235, 236, 239, 240, 241, 242, 243, 244, 253, 255, 256, 258, 262, 268, 269, 270, 271, 272, 283, 284, 285, 286, 287, 290, 291, 292, 293, 294, 301, 303, 304, 305, 315, 316, 317, 320, 321, 322, 323, 330, 332, 333, 335, 340, 341, 342, 344, 345, 346, 357, 358, 361, 362, 363, 364, 373, 375, 376, 378, 383, 384, 390, 391, 393, 394, 395, 406, 408, 409, 412, 413, 414, 415, 423, 425, 426, 428, 433, 434, 436, 437, 438, 449, 450, 453, 454, 455, 456, 464, 465, 466, 467, 468, 469, 470, 472, 474, 475, 476, 486, 487, 488, 490, 491, 492, 503, 504, 505, 506, 509, 510, 511, 512, 520, 521, 523, 524, 525, 535, 536, 537, 538, 539, 540, 541, 542, 543], "summary": {"covered_lines": 232, "num_statements": 233, "percent_covered": 99.15611814345992, "percent_covered_display": "99", "missing_lines": 1, "excluded_lines": 0, "num_branches": 4, "num_partial_branches": 1, "covered_branches": 3, "missing_branches": 1}, "missing_lines": [13], "excluded_lines": [], "executed_branches": [[12, 14], [27, 28], [27, 29]], "missing_branches": [[12, 13]], "functions": {"write_manifest": {"executed_lines": [23, 24, 25, 26, 27, 28, 29, 30], "summary": {"covered_lines": 8, "num_statements": 8, "percent_covered": 100.0, "percent_covered_display": "100", "missing_lines": 0, "excluded_lines": 0, "num_branches": 2, "num_partial_branches": 0, "covered_branches": 2, "missing_branches": 0}, "missing_lines": [], "excluded_lines": [], "executed_branches": [[27, 28], [27, 29]], "missing_branches": []}, "write_segment": {"executed_lines": [34, 35, 36, 37, 38], "summary": {"covered_lines": 5, "num_statements": 5, "percent_covered": 100.0, "percent_covered_display": "100", "missing_lines": 0, "excluded_lines": 0, "num_branches": 0, "num_partial_branches": 0, "covered_branches": 0, "missing_branches": 0}, "missing_lines": [], "excluded_lines": [], "executed_branches": [], "missing_branches": []}, "write_source_file": {"executed_lines": [42, 43, 44, 45, 46], "summary": {"covered_lines": 5, "num_statements": 5, "percent_covered": 100.0, "percent_covered_display": "100", "missing_lines": 0, "excluded_lines": 0, "num_branches": 0, "num_partial_branches": 0, "covered_branches": 0, "missing_branches": 0}, "missing_lines": [], "excluded_lines": [], "executed_branches": [], "missing_branches": []}, "test_check_renditions_reports_ok_and_missing": {"executed_lines": [51, 52, 53, 60, 67, 68, 69, 71, 72, 73, 84, 85, 86, 87], "summary": {"covered_lines": 14, "num_statements": 14, "percent_covered": 100.0, "percent_covered_display": "100", "missing_lines": 0, "excluded_lines": 0, "num_branches": 0, "num_partial_branches": 0, "covered_branches": 0, "missing_branches": 0}, "missing_lines": [], "excluded_lines": [], "executed_branches": [], "missing_branches": []}, "test_check_renditions_reports_empty_without_segments": {"executed_lines": [92, 93, 94, 101, 103, 104, 105, 115, 116, 117], "summary": {"covered_lines": 10, "num_statements": 10, "percent_covered": 100.0, "percent_covered_display": "100", "missing_lines": 0, "excluded_lines": 0, "num_branches": 0, "num_partial_branches": 0, "covered_branches": 0, "missing_branches": 0}, "missing_lines": [], "excluded_lines": [], "executed_branches": [], "missing_branches": []}, "test_enqueue_transcodes_invokes_enqueue": {"executed_lines": [122, 124, 127, 132, 133, 134, 142, 150, 151, 153, 154, 155, 166, 167, 168], "summary": {"covered_lines": 15, "num_statements": 15, "percent_covered": 100.0, "percent_covered_display": "100", "missing_lines": 0, "excluded_lines": 0, "num_branches": 0, "num_partial_branches": 0, "covered_branches": 0, "missing_branches": 0}, "missing_lines": [], "excluded_lines": [], "executed_branches": [], "missing_branches": []}, "test_enqueue_transcodes_invokes_enqueue.fake_enqueue": {"executed_lines": [125], "summary": {"covered_lines": 1, "num_statements": 1, "percent_covered": 100.0, "percent_covered_display": "100", "missing_lines": 0, "excluded_lines": 0, "num_branches": 0, "num_partial_branches": 0, "covered_branches": 0, "missing_branches": 0}, "missing_lines": [], "excluded_lines": [], "executed_branches": [], "missing_branches": []}, "test_auto_enqueue_missing_dry_run_and_confirm": {"executed_lines": [173, 174, 181, 188, 190, 193, 198, 199, 200, 201, 203, 204, 205, 216, 217, 218, 219, 221, 222, 223, 234, 235, 236], "summary": {"covered_lines": 23, "num_statements": 23, "percent_covered": 100.0, "percent_covered_display": "100", "missing_lines": 0, "excluded_lines": 0, "num_branches": 0, "num_partial_branches": 0, "covered_branches": 0, "missing_branches": 0}, "missing_lines": [], "excluded_lines": [], "executed_branches": [], "missing_branches": []}, "test_auto_enqueue_missing_dry_run_and_confirm.fake_enqueue": {"executed_lines": [191], "summary": {"covered_lines": 1, "num_statements": 1, "percent_covered": 100.0, "percent_covered_display": "100", "missing_lines": 0, "excluded_lines": 0, "num_branches": 0, "num_partial_branches": 0, "covered_branches": 0, "missing_branches": 0}, "missing_lines": [], "excluded_lines": [], "executed_branches": [], "missing_branches": []}, "test_auto_enqueue_missing_with_public_mapping": {"executed_lines": [241, 242, 243, 244, 253, 255, 258, 262, 268, 269, 270, 271, 272, 283, 284, 285, 286, 287], "summary": {"covered_lines": 18, "num_statements": 18, "percent_covered": 100.0, "percent_covered_display": "100", "missing_lines": 0, "excluded_lines": 0, "num_branches": 0, "num_partial_branches": 0, "covered_branches": 0, "missing_branches": 0}, "missing_lines": [], "excluded_lines": [], "executed_branches": [], "missing_branches": []}, "test_auto_enqueue_missing_with_public_mapping.fake_enqueue": {"executed_lines": [256], "summary": {"covered_lines": 1, "num_statements": 1, "percent_covered": 100.0, "percent_covered_display": "100", "missing_lines": 0, "excluded_lines": 0, "num_branches": 0, "num_partial_branches": 0, "covered_branches": 0, "missing_branches": 0}, "missing_lines": [], "excluded_lines": [], "executed_branches": [], "missing_branches": []}, "test_check_renditions_treats_empty_manifest_as_missing": {"executed_lines": [292, 293, 294, 301, 303, 304, 305, 315, 316, 317], "summary": {"covered_lines": 10, "num_statements": 10, "percent_covered": 100.0, "percent_covered_display": "100", "missing_lines": 0, "excluded_lines": 0, "num_branches": 0, "num_partial_branches": 0, "covered_branches": 0, "missing_branches": 0}, "missing_lines": [], "excluded_lines": [], "executed_branches": [], "missing_branches": []}, "test_auto_enqueue_missing_treats_stub_manifest_as_missing": {"executed_lines": [322, 323, 330, 332, 335, 340, 341, 342, 344, 345, 346, 357, 358], "summary": {"covered_lines": 13, "num_statements": 13, "percent_covered": 100.0, "percent_covered_display": "100", "missing_lines": 0, "excluded_lines": 0, "num_branches": 0, "num_partial_branches": 0, "covered_branches": 0, "missing_branches": 0}, "missing_lines": [], "excluded_lines": [], "executed_branches": [], "missing_branches": []}, "test_auto_enqueue_missing_treats_stub_manifest_as_missing.fake_enqueue": {"executed_lines": [333], "summary": {"covered_lines": 1, "num_statements": 1, "percent_covered": 100.0, "percent_covered_display": "100", "missing_lines": 0, "excluded_lines": 0, "num_branches": 0, "num_partial_branches": 0, "covered_branches": 0, "missing_branches": 0}, "missing_lines": [], "excluded_lines": [], "executed_branches": [], "missing_branches": []}, "test_enqueue_transcodes_force_rebuilds": {"executed_lines": [363, 364, 373, 375, 378, 383, 384, 390, 391, 393, 394, 395, 406, 408, 409], "summary": {"covered_lines": 15, "num_statements": 15, "percent_covered": 100.0, "percent_covered_display": "100", "missing_lines": 0, "excluded_lines": 0, "num_branches": 0, "num_partial_branches": 0, "covered_branches": 0, "missing_branches": 0}, "missing_lines": [], "excluded_lines": [], "executed_branches": [], "missing_branches": []}, "test_enqueue_transcodes_force_rebuilds.fake_enqueue": {"executed_lines": [376], "summary": {"covered_lines": 1, "num_statements": 1, "percent_covered": 100.0, "percent_covered_display": "100", "missing_lines": 0, "excluded_lines": 0, "num_branches": 0, "num_partial_branches": 0, "covered_branches": 0, "missing_branches": 0}, "missing_lines": [], "excluded_lines": [], "executed_branches": [], "missing_branches": []}, "test_auto_enqueue_missing_uses_sources_directory": {"executed_lines": [414, 415, 423, 425, 428, 433, 434, 436, 437, 438, 449, 450], "summary": {"covered_lines": 12, "num_statements": 12, "percent_covered": 100.0, "percent_covered_display": "100", "missing_lines": 0, "excluded_lines": 0, "num_branches": 0, "num_partial_branches": 0, "covered_branches": 0, "missing_branches": 0}, "missing_lines": [], "excluded_lines": [], "executed_branches": [], "missing_branches": []}, "test_auto_enqueue_missing_uses_sources_directory.fake_enqueue": {"executed_lines": [426], "summary": {"covered_lines": 1, "num_statements": 1, "percent_covered": 100.0, "percent_covered_display": "100", "missing_lines": 0, "excluded_lines": 0, "num_branches": 0, "num_partial_branches": 0, "covered_branches": 0, "missing_branches": 0}, "missing_lines": [], "excluded_lines": [], "executed_branches": [], "missing_branches": []}, "test_seed_demo_renditions_force_rebuild": {"executed_lines": [455, 456, 464, 465, 466, 467, 468, 469, 470, 472, 474, 475, 476, 486, 487, 488, 490, 491, 492, 503, 504, 505, 506], "summary": {"covered_lines": 23, "num_statements": 23, "percent_covered": 100.0, "percent_covered_display": "100", "missing_lines": 0, "excluded_lines": 0, "num_branches": 0, "num_partial_branches": 0, "covered_branches": 0, "missing_branches": 0}, "missing_lines": [], "excluded_lines": [], "executed_branches": [], "missing_branches": []}, "test_seed_demo_renditions_creates_assets": {"executed_lines": [511, 512, 520, 521, 523, 524, 525, 535, 536, 537, 538, 539, 540, 541, 542, 543], "summary": {"covered_lines": 16, "num_statements": 16, "percent_covered": 100.0, "percent_covered_display": "100", "missing_lines": 0, "excluded_lines": 0, "num_branches": 0, "num_partial_branches": 0, "covered_branches": 0, "missing_branches": 0}, "missing_lines": [], "excluded_lines": [], "executed_branches": [], "missing_branches": []}, "": {"executed_lines": [1, 3, 4, 6, 7, 8, 9, 10, 12, 14, 15, 16, 18, 19, 22, 33, 41, 49, 50, 90, 91, 120, 121, 171, 172, 239, 240, 290, 291, 320, 321, 361, 362, 412, 413, 453, 454, 509, 510], "summary": {"covered_lines": 39, "num_statements": 40, "percent_covered": 95.23809523809524, "percent_covered_display": "95", "missing_lines": 1, "excluded_lines": 0, "num_branches": 2, "num_partial_branches": 1, "covered_branches": 1, "missing_branches": 1}, "missing_lines": [13], "excluded_lines": [], "executed_branches": [[12, 14]], "missing_branches": [[12, 13]]}}, "classes": {"": {"executed_lines": [1, 3, 4, 6, 7, 8, 9, 10, 12, 14, 15, 16, 18, 19, 22, 23, 24, 25, 26, 27, 28, 29, 30, 33, 34, 35, 36, 37, 38, 41, 42, 43, 44, 45, 46, 49, 50, 51, 52, 53, 60, 67, 68, 69, 71, 72, 73, 84, 85, 86, 87, 90, 91, 92, 93, 94, 101, 103, 104, 105, 115, 116, 117, 120, 121, 122, 124, 125, 127, 132, 133, 134, 142, 150, 151, 153, 154, 155, 166, 167, 168, 171, 172, 173, 174, 181, 188, 190, 191, 193, 198, 199, 200, 201, 203, 204, 205, 216, 217, 218, 219, 221, 222, 223, 234, 235, 236, 239, 240, 241, 242, 243, 244, 253, 255, 256, 258, 262, 268, 269, 270, 271, 272, 283, 284, 285, 286, 287, 290, 291, 292, 293, 294, 301, 303, 304, 305, 315, 316, 317, 320, 321, 322, 323, 330, 332, 333, 335, 340, 341, 342, 344, 345, 346, 357, 358, 361, 362, 363, 364, 373, 375, 376, 378, 383, 384, 390, 391, 393, 394, 395, 406, 408, 409, 412, 413, 414, 415, 423, 425, 426, 428, 433, 434, 436, 437, 438, 449, 450, 453, 454, 455, 456, 464, 465, 466, 467, 468, 469, 470, 472, 474, 475, 476, 486, 487, 488, 490, 491, 492, 503, 504, 505, 506, 509, 510, 511, 512, 520, 521, 523, 524, 525, 535, 536, 537, 538, 539, 540, 541, 542, 543], "summary": {"covered_lines": 232, "num_statements": 233, "percent_covered": 99.15611814345992, "percent_covered_display": "99", "missing_lines": 1, "excluded_lines": 0, "num_branches": 4, "num_partial_branches": 1, "covered_branches": 3, "missing_branches": 1}, "missing_lines": [13], "excluded_lines": [], "executed_branches": [[12, 14], [27, 28], [27, 29]], "missing_branches": [[12, 13]]}}}}, "totals": {"covered_lines": 4528, "num_statements": 4719, "percent_covered": 94.13851036027627, "percent_covered_display": "94", "missing_lines": 191, "excluded_lines": 87, "num_branches": 638, "num_partial_branches": 95, "covered_branches": 515, "missing_branches": 123}}